[debug] [2026-04-08T16:20:53.894Z] ----------------------------------------------------------------------
[debug] [2026-04-08T16:20:53.900Z] Command:       /opt/homebrew/Cellar/node/23.1.0_1/bin/node /opt/homebrew/bin/firebase deploy --only hosting
[debug] [2026-04-08T16:20:53.900Z] CLI Version:   15.13.0
[debug] [2026-04-08T16:20:53.900Z] Platform:      darwin
[debug] [2026-04-08T16:20:53.900Z] Node Version:  v23.1.0
[debug] [2026-04-08T16:20:53.900Z] Time:          Wed Apr 08 2026 18:20:53 GMT+0200 (Central European Summer Time)
[debug] [2026-04-08T16:20:53.901Z] ----------------------------------------------------------------------
[debug] 
[debug] [2026-04-08T16:20:53.902Z] >>> [apiv2][query] GET https://firebase-public.firebaseio.com/cli.json [none]
[debug] [2026-04-08T16:20:54.815Z] > command requires scopes: ["email","openid","https://www.googleapis.com/auth/cloudplatformprojects.readonly","https://www.googleapis.com/auth/firebase","https://www.googleapis.com/auth/cloud-platform"]
[debug] [2026-04-08T16:20:54.815Z] > authorizing via signed-in user (guillaume220@gmail.com)
[debug] [2026-04-08T16:20:54.815Z] [iam] checking project stock-congelateur-e7de1 for permissions ["firebase.projects.get","firebasehosting.sites.update"]
[debug] [2026-04-08T16:20:54.815Z] Checked if tokens are valid: false, expires at: 1775223248711
[debug] [2026-04-08T16:20:54.815Z] Checked if tokens are valid: false, expires at: 1775223248711
[debug] [2026-04-08T16:20:54.816Z] > refreshing access token with scopes: []
[debug] [2026-04-08T16:20:54.816Z] >>> [apiv2][query] POST https://www.googleapis.com/oauth2/v3/token [none]
[debug] [2026-04-08T16:20:54.816Z] >>> [apiv2][body] POST https://www.googleapis.com/oauth2/v3/token [omitted]
[debug] [2026-04-08T16:20:55.000Z] <<< [apiv2][status] POST https://www.googleapis.com/oauth2/v3/token 200
[debug] [2026-04-08T16:20:55.000Z] <<< [apiv2][body] POST https://www.googleapis.com/oauth2/v3/token [omitted]
[debug] [2026-04-08T16:20:55.010Z] >>> [apiv2][query] POST https://cloudresourcemanager.googleapis.com/v1/projects/stock-congelateur-e7de1:testIamPermissions [none]
[debug] [2026-04-08T16:20:55.011Z] >>> [apiv2][(partial)header] POST https://cloudresourcemanager.googleapis.com/v1/projects/stock-congelateur-e7de1:testIamPermissions  x-goog-user-project=stock-congelateur-e7de1
[debug] [2026-04-08T16:20:55.011Z] >>> [apiv2][body] POST https://cloudresourcemanager.googleapis.com/v1/projects/stock-congelateur-e7de1:testIamPermissions {"permissions":["firebase.projects.get","firebasehosting.sites.update"]}
[debug] [2026-04-08T16:20:55.152Z] <<< [apiv2][status] GET https://firebase-public.firebaseio.com/cli.json 200
[debug] [2026-04-08T16:20:55.153Z] <<< [apiv2][body] GET https://firebase-public.firebaseio.com/cli.json {"cloudBuildErrorAfter":1594252800000,"cloudBuildWarnAfter":1590019200000,"defaultNode10After":1594252800000,"minVersion":"3.0.5","node8DeploysDisabledAfter":1613390400000,"node8RuntimeDisabledAfter":1615809600000,"node8WarnAfter":1600128000000}
[debug] [2026-04-08T16:20:55.658Z] <<< [apiv2][status] POST https://cloudresourcemanager.googleapis.com/v1/projects/stock-congelateur-e7de1:testIamPermissions 200
[debug] [2026-04-08T16:20:55.659Z] <<< [apiv2][body] POST https://cloudresourcemanager.googleapis.com/v1/projects/stock-congelateur-e7de1:testIamPermissions {"permissions":["firebase.projects.get","firebasehosting.sites.update"]}
[debug] [2026-04-08T16:20:55.659Z] Checked if tokens are valid: true, expires at: 1775668854000
[debug] [2026-04-08T16:20:55.659Z] Checked if tokens are valid: true, expires at: 1775668854000
[debug] [2026-04-08T16:20:55.659Z] >>> [apiv2][query] GET https://firebase.googleapis.com/v1beta1/projects/stock-congelateur-e7de1 [none]
[debug] [2026-04-08T16:20:55.948Z] <<< [apiv2][status] GET https://firebase.googleapis.com/v1beta1/projects/stock-congelateur-e7de1 200
[debug] [2026-04-08T16:20:55.949Z] <<< [apiv2][body] GET https://firebase.googleapis.com/v1beta1/projects/stock-congelateur-e7de1 {"projectId":"stock-congelateur-e7de1","projectNumber":"983458233014","displayName":"stock-congelateur","name":"projects/stock-congelateur-e7de1","resources":{"hostingSite":"stock-congelateur-e7de1"},"state":"ACTIVE","etag":"1_3114c584-9d8c-4b7f-babd-887daf98958c"}
[info] 
[info] === Deploying to 'stock-congelateur-e7de1'...
[info] 
[info] i  deploying hosting 
[debug] [2026-04-08T16:20:55.950Z] Checked if tokens are valid: true, expires at: 1775668854000
[debug] [2026-04-08T16:20:55.950Z] Checked if tokens are valid: true, expires at: 1775668854000
[debug] [2026-04-08T16:20:55.951Z] >>> [apiv2][query] POST https://firebasehosting.googleapis.com/v1beta1/projects/-/sites/stock-congelateur-e7de1/versions [none]
[debug] [2026-04-08T16:20:55.951Z] >>> [apiv2][body] POST https://firebasehosting.googleapis.com/v1beta1/projects/-/sites/stock-congelateur-e7de1/versions {"status":"CREATED","labels":{"deployment-tool":"cli-firebase"}}
[debug] [2026-04-08T16:20:58.715Z] <<< [apiv2][status] POST https://firebasehosting.googleapis.com/v1beta1/projects/-/sites/stock-congelateur-e7de1/versions 200
[debug] [2026-04-08T16:20:58.715Z] <<< [apiv2][body] POST https://firebasehosting.googleapis.com/v1beta1/projects/-/sites/stock-congelateur-e7de1/versions {"name":"projects/983458233014/sites/stock-congelateur-e7de1/versions/74ccba47d3c3971a","status":"CREATED","config":{},"labels":{"deployment-tool":"cli-firebase"}}
[info] i  hosting[stock-congelateur-e7de1]: beginning deploy... 
[info] i  hosting[stock-congelateur-e7de1]: found 43 files in . 
[debug] [2026-04-08T16:20:58.726Z] [hosting] uploading with 200 concurrency
[debug] [2026-04-08T16:20:58.726Z] [hosting] hash cache [] not populated
[debug] [2026-04-08T16:20:58.749Z] Checked if tokens are valid: true, expires at: 1775668854000
[debug] [2026-04-08T16:20:58.749Z] Checked if tokens are valid: true, expires at: 1775668854000
[debug] [2026-04-08T16:20:58.749Z] [hosting] hash cache [] stored for 43 files
[debug] [2026-04-08T16:20:58.750Z] [hosting][hash queue][FINAL] {"max":22,"min":6,"avg":6.558139534883721,"active":0,"complete":43,"success":43,"errored":0,"retried":0,"total":43,"elapsed":24}
[debug] [2026-04-08T16:20:58.750Z] >>> [apiv2][query] POST https://firebasehosting.googleapis.com/v1beta1/projects/983458233014/sites/stock-congelateur-e7de1/versions/74ccba47d3c3971a:populateFiles [none]
[debug] [2026-04-08T16:20:58.750Z] >>> [apiv2][body] POST https://firebasehosting.googleapis.com/v1beta1/projects/983458233014/sites/stock-congelateur-e7de1/versions/74ccba47d3c3971a:populateFiles {"files":{"/index.html":"25d3eb647e725ef6a216fc22d9a8ebf0bbf7667b8d7157921be3887349a7d17b","/.git/packed-refs":"5d68e030c7dec298cafcfb799a34e734cb9011e2dc710b2e3962b8bb05e7e86d","/.git/index":"269e01a77fffe558c4d0c36da640dcd6ef6e4cc331e3d03965ef8f4950499cdc","/.git/HEAD":"a39dc51e21d1523cdef2091e7c7ab30a33ad42a7cd5da1f45139746e5c24b667","/version.json":"96ef158f5d681624804fb5b61c3adb014b4b88e3e00cf1b64eeaddb58c41e111","/.git/config":"0d2888f62d26805c7c985339ab7f038006b45b67aba654700e4f1ffca22edcf0","/.git/description":"3cdc7b6a29de07f63b76d16b9911d93468000346945f759d4f6456660b5c113b","/.git/refs/remotes/origin/main":"514c70cdaff08aac5dc1196848088c58b130cd9aa13a7cb2de625e16f17c6307","/styles.css":"2c20d2c0d3769a1ccf7a84017917fc51f9c6234bf66d20855e79152a59a0d71f","/.git/refs/remotes/origin/HEAD":"0f5d56efe56c5dcabb387d965aad58d0f60a3b7485cb9b04bef04b93bebf911e","/README.md":"64141b6899f0b1a85c76601fd8e2f6a3dbd8efceed6c8e9d028bcab5c2ecd3cb","/.git/refs/heads/main":"514c70cdaff08aac5dc1196848088c58b130cd9aa13a7cb2de625e16f17c6307","/.git/COMMIT_EDITMSG":"ae7316c5d699a38042010da23c866de8ded65cbfc159694a032aba4792ef19df","/.git/FETCH_HEAD":"877fdc3cbd887ac8ae3b8a5fdb24276462b4cf20f39a9d839d023d2c3b2b5698","/.git/objects/pack/pack-74883b4ea07263d0c1947d3a9db348ed2eb7b6b2.rev":"ca02e6def25d2ae3645fdf81ac6ff7c3548e92087d9951bd80d88cd165a3305d","/.git/objects/6a/fbef9692729b44321f45a0d3c02896c936c95f":"25293c1895fc57e163bbbe22e3972279113d4f184e91a271a05593721f2e5deb","/.git/objects/76/f1959afcb69e50b62ebf6390e24dc2c45cee71":"da0a4c57e2943645974b620c8fab9922cbc5c9da42b5a35fab9fa7231b365632","/.git/objects/pack/pack-74883b4ea07263d0c1947d3a9db348ed2eb7b6b2.idx":"be837b8773dea5dd35c58fae670a79184e04ab60a4d58ba67917ea71d7f923db","/.git/objects/e6/2da4906a48aaaa10ba5f260b6e7b8bf9d0a8de":"edfa1444e64dc8a83b21b0bab8c02f8826e392f194749617cea1ab5d16f5e95b","/.git/objects/91/56941164b409ae2b75d2d983d090a040dc53da":"cea0c61a7bc11097a154cd9635e32ed0af9ac2d169351fb814fb0456639a72f7","/.git/logs/HEAD":"79217a1e456d15780e1b1a3a7524e7d94a7af459d425f40828ae9d25aab64249","/.git/objects/02/f9125d6c78b9dbd68004361994c7b8b74a735b":"30bdb929194fbaf3d6b0f4cab762f72873f405753fa5fb22615bf807753c9859","/.git/info/exclude":"a362e375cc3330f10d115cfeb0f90a325219d80a764d57e2c4873f78d1d0b4f5","/.git/logs/refs/heads/main":"79217a1e456d15780e1b1a3a7524e7d94a7af459d425f40828ae9d25aab64249","/.git/logs/refs/remotes/origin/HEAD":"cd5b12c7e9e716f4ad34ca4a59f084d397a9c4e3a83612ace9c85283eb4f91ce","/.git/logs/refs/remotes/origin/main":"3953bb22a7080a25352cc1682707a746155f7012806b8f8fa04098540d65654d","/.git/hooks/push-to-checkout.sample":"ede5681c63b8ad6d42fcae835820651b7dfa044bc14fa0da0b7ce9bc54bd7f18","/.git/hooks/pre-receive.sample":"b703160503002ea73605a1b54a8183989f66e6530c125fbd1595339048ebd856","/.git/hooks/prepare-commit-msg.sample":"9b3c070fc0608b04e690a7dd7c17419759fbed06932985aed32e306418e86ed2","/.git/hooks/sendemail-validate.sample":"4d0768bc11017be6b99d4bb4d34b4c8b2fd7ae8a93d42727591afb6737577db2","/.git/hooks/pre-push.sample":"8109b3dc5744bb0e115ee8e53ff7a7617ce4396aaa646538e068a6f09338447d","/.git/hooks/update.sample":"2b0a4f42fa30a128b46ad80e89c1f73b89d58b8abb9e92aee1c35625baccb584","/.git/hooks/pre-merge-commit.sample":"0479d217dc6329cbba403c8254db7b9ee6c028f62f55db3641b0690373679b25","/.git/hooks/pre-commit.sample":"c420e0798fd9e788afb2604a87c593e37fb82fa9b417ce8e25b72078bbde3cda","/.git/hooks/pre-applypatch.sample":"defbdbcdbf096439878474d3b12ed4b5a63dec7400ecde5f4b60a496391d64d0","/.git/hooks/commit-msg.sample":"4df962ba3955944bec38b211351c73f083d7b0e5360a5d3d76a49548e7314f9e","/.git/hooks/post-update.sample":"3d5b0c2026371e835c791d4b25099e98b1d507971ed6bfb639ae56a321309aeb","/.git/hooks/applypatch-msg.sample":"91b94f5feaf0e4d2e6e7808a9188384a4300adf024fa24c48547ee87c64d6558","/.git/hooks/pre-rebase.sample":"b3f2e1f9de52a3895458d3a6f5e5a1ad139f688bcbc358d6e9d31888f7e84829","/.git/hooks/fsmonitor-watchman.sample":"d366d691e33458260d77c44be36050a3faf0aa12760955cc8ca85ee88389c400","/app.js":"592e4b547ba2de8d4e99391fe1e59cf1a3421d100df45c8ec8573fa53e1b606d","/glace.png":"0d1b6d28d0113616fb342f605702c1178d853ea03c009e89d32911b4c56a488a","/.git/objects/pack/pack-74883b4ea07263d0c1947d3a9db348ed2eb7b6b2.pack":"66bdd1e3de76102387ff9e43e93430036353d70687cbde360114da40cd1ec6b3"}}
[debug] [2026-04-08T16:20:59.621Z] <<< [apiv2][status] POST https://firebasehosting.googleapis.com/v1beta1/projects/983458233014/sites/stock-congelateur-e7de1/versions/74ccba47d3c3971a:populateFiles 200
[debug] [2026-04-08T16:20:59.621Z] <<< [apiv2][body] POST https://firebasehosting.googleapis.com/v1beta1/projects/983458233014/sites/stock-congelateur-e7de1/versions/74ccba47d3c3971a:populateFiles {"uploadRequiredHashes":["a362e375cc3330f10d115cfeb0f90a325219d80a764d57e2c4873f78d1d0b4f5","0f5d56efe56c5dcabb387d965aad58d0f60a3b7485cb9b04bef04b93bebf911e","2b0a4f42fa30a128b46ad80e89c1f73b89d58b8abb9e92aee1c35625baccb584","30bdb929194fbaf3d6b0f4cab762f72873f405753fa5fb22615bf807753c9859","ca02e6def25d2ae3645fdf81ac6ff7c3548e92087d9951bd80d88cd165a3305d","25293c1895fc57e163bbbe22e3972279113d4f184e91a271a05593721f2e5deb","be837b8773dea5dd35c58fae670a79184e04ab60a4d58ba67917ea71d7f923db","0d2888f62d26805c7c985339ab7f038006b45b67aba654700e4f1ffca22edcf0","9b3c070fc0608b04e690a7dd7c17419759fbed06932985aed32e306418e86ed2","8109b3dc5744bb0e115ee8e53ff7a7617ce4396aaa646538e068a6f09338447d","a39dc51e21d1523cdef2091e7c7ab30a33ad42a7cd5da1f45139746e5c24b667","66bdd1e3de76102387ff9e43e93430036353d70687cbde360114da40cd1ec6b3","ae7316c5d699a38042010da23c866de8ded65cbfc159694a032aba4792ef19df","3cdc7b6a29de07f63b76d16b9911d93468000346945f759d4f6456660b5c113b","da0a4c57e2943645974b620c8fab9922cbc5c9da42b5a35fab9fa7231b365632","5d68e030c7dec298cafcfb799a34e734cb9011e2dc710b2e3962b8bb05e7e86d","64141b6899f0b1a85c76601fd8e2f6a3dbd8efceed6c8e9d028bcab5c2ecd3cb","c420e0798fd9e788afb2604a87c593e37fb82fa9b417ce8e25b72078bbde3cda","ede5681c63b8ad6d42fcae835820651b7dfa044bc14fa0da0b7ce9bc54bd7f18","4d0768bc11017be6b99d4bb4d34b4c8b2fd7ae8a93d42727591afb6737577db2","cea0c61a7bc11097a154cd9635e32ed0af9ac2d169351fb814fb0456639a72f7","91b94f5feaf0e4d2e6e7808a9188384a4300adf024fa24c48547ee87c64d6558","edfa1444e64dc8a83b21b0bab8c02f8826e392f194749617cea1ab5d16f5e95b","877fdc3cbd887ac8ae3b8a5fdb24276462b4cf20f39a9d839d023d2c3b2b5698","96ef158f5d681624804fb5b61c3adb014b4b88e3e00cf1b64eeaddb58c41e111","0479d217dc6329cbba403c8254db7b9ee6c028f62f55db3641b0690373679b25","cd5b12c7e9e716f4ad34ca4a59f084d397a9c4e3a83612ace9c85283eb4f91ce","3953bb22a7080a25352cc1682707a746155f7012806b8f8fa04098540d65654d","3d5b0c2026371e835c791d4b25099e98b1d507971ed6bfb639ae56a321309aeb","79217a1e456d15780e1b1a3a7524e7d94a7af459d425f40828ae9d25aab64249","514c70cdaff08aac5dc1196848088c58b130cd9aa13a7cb2de625e16f17c6307","defbdbcdbf096439878474d3b12ed4b5a63dec7400ecde5f4b60a496391d64d0","592e4b547ba2de8d4e99391fe1e59cf1a3421d100df45c8ec8573fa53e1b606d","b3f2e1f9de52a3895458d3a6f5e5a1ad139f688bcbc358d6e9d31888f7e84829","b703160503002ea73605a1b54a8183989f66e6530c125fbd1595339048ebd856","4df962ba3955944bec38b211351c73f083d7b0e5360a5d3d76a49548e7314f9e","0d1b6d28d0113616fb342f605702c1178d853ea03c009e89d32911b4c56a488a","25d3eb647e725ef6a216fc22d9a8ebf0bbf7667b8d7157921be3887349a7d17b","269e01a77fffe558c4d0c36da640dcd6ef6e4cc331e3d03965ef8f4950499cdc","d366d691e33458260d77c44be36050a3faf0aa12760955cc8ca85ee88389c400","2c20d2c0d3769a1ccf7a84017917fc51f9c6234bf66d20855e79152a59a0d71f"],"uploadUrl":"https://upload-firebasehosting.googleapis.com/upload/sites/stock-congelateur-e7de1/versions/74ccba47d3c3971a/files"}
[debug] [2026-04-08T16:20:59.622Z] Checked if tokens are valid: true, expires at: 1775668854000
[debug] [2026-04-08T16:20:59.622Z] Checked if tokens are valid: true, expires at: 1775668854000
[debug] [2026-04-08T16:20:59.622Z] Checked if tokens are valid: true, expires at: 1775668854000
[debug] [2026-04-08T16:20:59.622Z] Checked if tokens are valid: true, expires at: 1775668854000
[debug] [2026-04-08T16:20:59.622Z] Checked if tokens are valid: true, expires at: 1775668854000
[debug] [2026-04-08T16:20:59.622Z] Checked if tokens are valid: true, expires at: 1775668854000
[debug] [2026-04-08T16:20:59.622Z] Checked if tokens are valid: true, expires at: 1775668854000
[debug] [2026-04-08T16:20:59.622Z] Checked if tokens are valid: true, expires at: 1775668854000
[debug] [2026-04-08T16:20:59.622Z] Checked if tokens are valid: true, expires at: 1775668854000
[debug] [2026-04-08T16:20:59.622Z] Checked if tokens are valid: true, expires at: 1775668854000
[debug] [2026-04-08T16:20:59.622Z] Checked if tokens are valid: true, expires at: 1775668854000
[debug] [2026-04-08T16:20:59.622Z] Checked if tokens are valid: true, expires at: 1775668854000
[debug] [2026-04-08T16:20:59.622Z] Checked if tokens are valid: true, expires at: 1775668854000
[debug] [2026-04-08T16:20:59.622Z] Checked if tokens are valid: true, expires at: 1775668854000
[debug] [2026-04-08T16:20:59.623Z] Checked if tokens are valid: true, expires at: 1775668854000
[debug] [2026-04-08T16:20:59.623Z] Checked if tokens are valid: true, expires at: 1775668854000
[debug] [2026-04-08T16:20:59.623Z] Checked if tokens are valid: true, expires at: 1775668854000
[debug] [2026-04-08T16:20:59.623Z] Checked if tokens are valid: true, expires at: 1775668854000
[debug] [2026-04-08T16:20:59.623Z] Checked if tokens are valid: true, expires at: 1775668854000
[debug] [2026-04-08T16:20:59.623Z] Checked if tokens are valid: true, expires at: 1775668854000
[debug] [2026-04-08T16:20:59.623Z] Checked if tokens are valid: true, expires at: 1775668854000
[debug] [2026-04-08T16:20:59.623Z] Checked if tokens are valid: true, expires at: 1775668854000
[debug] [2026-04-08T16:20:59.623Z] Checked if tokens are valid: true, expires at: 1775668854000
[debug] [2026-04-08T16:20:59.623Z] Checked if tokens are valid: true, expires at: 1775668854000
[debug] [2026-04-08T16:20:59.623Z] Checked if tokens are valid: true, expires at: 1775668854000
[debug] [2026-04-08T16:20:59.623Z] Checked if tokens are valid: true, expires at: 1775668854000
[debug] [2026-04-08T16:20:59.623Z] Checked if tokens are valid: true, expires at: 1775668854000
[debug] [2026-04-08T16:20:59.623Z] Checked if tokens are valid: true, expires at: 1775668854000
[debug] [2026-04-08T16:20:59.623Z] Checked if tokens are valid: true, expires at: 1775668854000
[debug] [2026-04-08T16:20:59.623Z] Checked if tokens are valid: true, expires at: 1775668854000
[debug] [2026-04-08T16:20:59.624Z] Checked if tokens are valid: true, expires at: 1775668854000
[debug] [2026-04-08T16:20:59.624Z] Checked if tokens are valid: true, expires at: 1775668854000
[debug] [2026-04-08T16:20:59.624Z] Checked if tokens are valid: true, expires at: 1775668854000
[debug] [2026-04-08T16:20:59.624Z] Checked if tokens are valid: true, expires at: 1775668854000
[debug] [2026-04-08T16:20:59.624Z] Checked if tokens are valid: true, expires at: 1775668854000
[debug] [2026-04-08T16:20:59.624Z] Checked if tokens are valid: true, expires at: 1775668854000
[debug] [2026-04-08T16:20:59.624Z] Checked if tokens are valid: true, expires at: 1775668854000
[debug] [2026-04-08T16:20:59.624Z] Checked if tokens are valid: true, expires at: 1775668854000
[debug] [2026-04-08T16:20:59.624Z] Checked if tokens are valid: true, expires at: 1775668854000
[debug] [2026-04-08T16:20:59.624Z] Checked if tokens are valid: true, expires at: 1775668854000
[debug] [2026-04-08T16:20:59.624Z] Checked if tokens are valid: true, expires at: 1775668854000
[debug] [2026-04-08T16:20:59.624Z] Checked if tokens are valid: true, expires at: 1775668854000
[debug] [2026-04-08T16:20:59.624Z] Checked if tokens are valid: true, expires at: 1775668854000
[debug] [2026-04-08T16:20:59.624Z] Checked if tokens are valid: true, expires at: 1775668854000
[debug] [2026-04-08T16:20:59.624Z] Checked if tokens are valid: true, expires at: 1775668854000
[debug] [2026-04-08T16:20:59.624Z] Checked if tokens are valid: true, expires at: 1775668854000
[debug] [2026-04-08T16:20:59.624Z] Checked if tokens are valid: true, expires at: 1775668854000
[debug] [2026-04-08T16:20:59.624Z] Checked if tokens are valid: true, expires at: 1775668854000
[debug] [2026-04-08T16:20:59.624Z] Checked if tokens are valid: true, expires at: 1775668854000
[debug] [2026-04-08T16:20:59.624Z] Checked if tokens are valid: true, expires at: 1775668854000
[debug] [2026-04-08T16:20:59.625Z] Checked if tokens are valid: true, expires at: 1775668854000
[debug] [2026-04-08T16:20:59.625Z] Checked if tokens are valid: true, expires at: 1775668854000
[debug] [2026-04-08T16:20:59.625Z] Checked if tokens are valid: true, expires at: 1775668854000
[debug] [2026-04-08T16:20:59.625Z] Checked if tokens are valid: true, expires at: 1775668854000
[debug] [2026-04-08T16:20:59.625Z] Checked if tokens are valid: true, expires at: 1775668854000
[debug] [2026-04-08T16:20:59.625Z] Checked if tokens are valid: true, expires at: 1775668854000
[debug] [2026-04-08T16:20:59.625Z] Checked if tokens are valid: true, expires at: 1775668854000
[debug] [2026-04-08T16:20:59.625Z] Checked if tokens are valid: true, expires at: 1775668854000
[debug] [2026-04-08T16:20:59.625Z] Checked if tokens are valid: true, expires at: 1775668854000
[debug] [2026-04-08T16:20:59.625Z] Checked if tokens are valid: true, expires at: 1775668854000
[debug] [2026-04-08T16:20:59.625Z] Checked if tokens are valid: true, expires at: 1775668854000
[debug] [2026-04-08T16:20:59.625Z] Checked if tokens are valid: true, expires at: 1775668854000
[debug] [2026-04-08T16:20:59.625Z] Checked if tokens are valid: true, expires at: 1775668854000
[debug] [2026-04-08T16:20:59.625Z] Checked if tokens are valid: true, expires at: 1775668854000
[debug] [2026-04-08T16:20:59.625Z] Checked if tokens are valid: true, expires at: 1775668854000
[debug] [2026-04-08T16:20:59.625Z] Checked if tokens are valid: true, expires at: 1775668854000
[debug] [2026-04-08T16:20:59.625Z] Checked if tokens are valid: true, expires at: 1775668854000
[debug] [2026-04-08T16:20:59.625Z] Checked if tokens are valid: true, expires at: 1775668854000
[debug] [2026-04-08T16:20:59.625Z] Checked if tokens are valid: true, expires at: 1775668854000
[debug] [2026-04-08T16:20:59.625Z] Checked if tokens are valid: true, expires at: 1775668854000
[debug] [2026-04-08T16:20:59.626Z] Checked if tokens are valid: true, expires at: 1775668854000
[debug] [2026-04-08T16:20:59.626Z] Checked if tokens are valid: true, expires at: 1775668854000
[debug] [2026-04-08T16:20:59.626Z] Checked if tokens are valid: true, expires at: 1775668854000
[debug] [2026-04-08T16:20:59.626Z] Checked if tokens are valid: true, expires at: 1775668854000
[debug] [2026-04-08T16:20:59.626Z] Checked if tokens are valid: true, expires at: 1775668854000
[debug] [2026-04-08T16:20:59.626Z] Checked if tokens are valid: true, expires at: 1775668854000
[debug] [2026-04-08T16:20:59.626Z] Checked if tokens are valid: true, expires at: 1775668854000
[debug] [2026-04-08T16:20:59.626Z] Checked if tokens are valid: true, expires at: 1775668854000
[debug] [2026-04-08T16:20:59.626Z] Checked if tokens are valid: true, expires at: 1775668854000
[debug] [2026-04-08T16:20:59.626Z] Checked if tokens are valid: true, expires at: 1775668854000
[debug] [2026-04-08T16:20:59.626Z] Checked if tokens are valid: true, expires at: 1775668854000
[debug] [2026-04-08T16:20:59.626Z] Checked if tokens are valid: true, expires at: 1775668854000
[debug] [2026-04-08T16:20:59.626Z] >>> [apiv2][query] POST https://upload-firebasehosting.googleapis.com/upload/sites/stock-congelateur-e7de1/versions/74ccba47d3c3971a/files/a362e375cc3330f10d115cfeb0f90a325219d80a764d57e2c4873f78d1d0b4f5 [none]
[debug] [2026-04-08T16:20:59.626Z] >>> [apiv2][body] POST https://upload-firebasehosting.googleapis.com/upload/sites/stock-congelateur-e7de1/versions/74ccba47d3c3971a/files/a362e375cc3330f10d115cfeb0f90a325219d80a764d57e2c4873f78d1d0b4f5 [stream]
[debug] [2026-04-08T16:20:59.627Z] >>> [apiv2][query] POST https://upload-firebasehosting.googleapis.com/upload/sites/stock-congelateur-e7de1/versions/74ccba47d3c3971a/files/0f5d56efe56c5dcabb387d965aad58d0f60a3b7485cb9b04bef04b93bebf911e [none]
[debug] [2026-04-08T16:20:59.627Z] >>> [apiv2][body] POST https://upload-firebasehosting.googleapis.com/upload/sites/stock-congelateur-e7de1/versions/74ccba47d3c3971a/files/0f5d56efe56c5dcabb387d965aad58d0f60a3b7485cb9b04bef04b93bebf911e [stream]
[debug] [2026-04-08T16:20:59.628Z] >>> [apiv2][query] POST https://upload-firebasehosting.googleapis.com/upload/sites/stock-congelateur-e7de1/versions/74ccba47d3c3971a/files/2b0a4f42fa30a128b46ad80e89c1f73b89d58b8abb9e92aee1c35625baccb584 [none]
[debug] [2026-04-08T16:20:59.628Z] >>> [apiv2][body] POST https://upload-firebasehosting.googleapis.com/upload/sites/stock-congelateur-e7de1/versions/74ccba47d3c3971a/files/2b0a4f42fa30a128b46ad80e89c1f73b89d58b8abb9e92aee1c35625baccb584 [stream]
[debug] [2026-04-08T16:20:59.628Z] >>> [apiv2][query] POST https://upload-firebasehosting.googleapis.com/upload/sites/stock-congelateur-e7de1/versions/74ccba47d3c3971a/files/30bdb929194fbaf3d6b0f4cab762f72873f405753fa5fb22615bf807753c9859 [none]
[debug] [2026-04-08T16:20:59.628Z] >>> [apiv2][body] POST https://upload-firebasehosting.googleapis.com/upload/sites/stock-congelateur-e7de1/versions/74ccba47d3c3971a/files/30bdb929194fbaf3d6b0f4cab762f72873f405753fa5fb22615bf807753c9859 [stream]
[debug] [2026-04-08T16:20:59.629Z] >>> [apiv2][query] POST https://upload-firebasehosting.googleapis.com/upload/sites/stock-congelateur-e7de1/versions/74ccba47d3c3971a/files/ca02e6def25d2ae3645fdf81ac6ff7c3548e92087d9951bd80d88cd165a3305d [none]
[debug] [2026-04-08T16:20:59.629Z] >>> [apiv2][body] POST https://upload-firebasehosting.googleapis.com/upload/sites/stock-congelateur-e7de1/versions/74ccba47d3c3971a/files/ca02e6def25d2ae3645fdf81ac6ff7c3548e92087d9951bd80d88cd165a3305d [stream]
[debug] [2026-04-08T16:20:59.630Z] >>> [apiv2][query] POST https://upload-firebasehosting.googleapis.com/upload/sites/stock-congelateur-e7de1/versions/74ccba47d3c3971a/files/25293c1895fc57e163bbbe22e3972279113d4f184e91a271a05593721f2e5deb [none]
[debug] [2026-04-08T16:20:59.630Z] >>> [apiv2][body] POST https://upload-firebasehosting.googleapis.com/upload/sites/stock-congelateur-e7de1/versions/74ccba47d3c3971a/files/25293c1895fc57e163bbbe22e3972279113d4f184e91a271a05593721f2e5deb [stream]
[debug] [2026-04-08T16:20:59.630Z] >>> [apiv2][query] POST https://upload-firebasehosting.googleapis.com/upload/sites/stock-congelateur-e7de1/versions/74ccba47d3c3971a/files/be837b8773dea5dd35c58fae670a79184e04ab60a4d58ba67917ea71d7f923db [none]
[debug] [2026-04-08T16:20:59.630Z] >>> [apiv2][body] POST https://upload-firebasehosting.googleapis.com/upload/sites/stock-congelateur-e7de1/versions/74ccba47d3c3971a/files/be837b8773dea5dd35c58fae670a79184e04ab60a4d58ba67917ea71d7f923db [stream]
[debug] [2026-04-08T16:20:59.631Z] >>> [apiv2][query] POST https://upload-firebasehosting.googleapis.com/upload/sites/stock-congelateur-e7de1/versions/74ccba47d3c3971a/files/0d2888f62d26805c7c985339ab7f038006b45b67aba654700e4f1ffca22edcf0 [none]
[debug] [2026-04-08T16:20:59.631Z] >>> [apiv2][body] POST https://upload-firebasehosting.googleapis.com/upload/sites/stock-congelateur-e7de1/versions/74ccba47d3c3971a/files/0d2888f62d26805c7c985339ab7f038006b45b67aba654700e4f1ffca22edcf0 [stream]
[debug] [2026-04-08T16:20:59.631Z] >>> [apiv2][query] POST https://upload-firebasehosting.googleapis.com/upload/sites/stock-congelateur-e7de1/versions/74ccba47d3c3971a/files/9b3c070fc0608b04e690a7dd7c17419759fbed06932985aed32e306418e86ed2 [none]
[debug] [2026-04-08T16:20:59.631Z] >>> [apiv2][body] POST https://upload-firebasehosting.googleapis.com/upload/sites/stock-congelateur-e7de1/versions/74ccba47d3c3971a/files/9b3c070fc0608b04e690a7dd7c17419759fbed06932985aed32e306418e86ed2 [stream]
[debug] [2026-04-08T16:20:59.632Z] >>> [apiv2][query] POST https://upload-firebasehosting.googleapis.com/upload/sites/stock-congelateur-e7de1/versions/74ccba47d3c3971a/files/8109b3dc5744bb0e115ee8e53ff7a7617ce4396aaa646538e068a6f09338447d [none]
[debug] [2026-04-08T16:20:59.632Z] >>> [apiv2][body] POST https://upload-firebasehosting.googleapis.com/upload/sites/stock-congelateur-e7de1/versions/74ccba47d3c3971a/files/8109b3dc5744bb0e115ee8e53ff7a7617ce4396aaa646538e068a6f09338447d [stream]
[debug] [2026-04-08T16:20:59.632Z] >>> [apiv2][query] POST https://upload-firebasehosting.googleapis.com/upload/sites/stock-congelateur-e7de1/versions/74ccba47d3c3971a/files/a39dc51e21d1523cdef2091e7c7ab30a33ad42a7cd5da1f45139746e5c24b667 [none]
[debug] [2026-04-08T16:20:59.632Z] >>> [apiv2][body] POST https://upload-firebasehosting.googleapis.com/upload/sites/stock-congelateur-e7de1/versions/74ccba47d3c3971a/files/a39dc51e21d1523cdef2091e7c7ab30a33ad42a7cd5da1f45139746e5c24b667 [stream]
[debug] [2026-04-08T16:20:59.632Z] >>> [apiv2][query] POST https://upload-firebasehosting.googleapis.com/upload/sites/stock-congelateur-e7de1/versions/74ccba47d3c3971a/files/66bdd1e3de76102387ff9e43e93430036353d70687cbde360114da40cd1ec6b3 [none]
[debug] [2026-04-08T16:20:59.632Z] >>> [apiv2][body] POST https://upload-firebasehosting.googleapis.com/upload/sites/stock-congelateur-e7de1/versions/74ccba47d3c3971a/files/66bdd1e3de76102387ff9e43e93430036353d70687cbde360114da40cd1ec6b3 [stream]
[debug] [2026-04-08T16:20:59.633Z] >>> [apiv2][query] POST https://upload-firebasehosting.googleapis.com/upload/sites/stock-congelateur-e7de1/versions/74ccba47d3c3971a/files/ae7316c5d699a38042010da23c866de8ded65cbfc159694a032aba4792ef19df [none]
[debug] [2026-04-08T16:20:59.633Z] >>> [apiv2][body] POST https://upload-firebasehosting.googleapis.com/upload/sites/stock-congelateur-e7de1/versions/74ccba47d3c3971a/files/ae7316c5d699a38042010da23c866de8ded65cbfc159694a032aba4792ef19df [stream]
[debug] [2026-04-08T16:20:59.633Z] >>> [apiv2][query] POST https://upload-firebasehosting.googleapis.com/upload/sites/stock-congelateur-e7de1/versions/74ccba47d3c3971a/files/3cdc7b6a29de07f63b76d16b9911d93468000346945f759d4f6456660b5c113b [none]
[debug] [2026-04-08T16:20:59.633Z] >>> [apiv2][body] POST https://upload-firebasehosting.googleapis.com/upload/sites/stock-congelateur-e7de1/versions/74ccba47d3c3971a/files/3cdc7b6a29de07f63b76d16b9911d93468000346945f759d4f6456660b5c113b [stream]
[debug] [2026-04-08T16:20:59.633Z] >>> [apiv2][query] POST https://upload-firebasehosting.googleapis.com/upload/sites/stock-congelateur-e7de1/versions/74ccba47d3c3971a/files/da0a4c57e2943645974b620c8fab9922cbc5c9da42b5a35fab9fa7231b365632 [none]
[debug] [2026-04-08T16:20:59.633Z] >>> [apiv2][body] POST https://upload-firebasehosting.googleapis.com/upload/sites/stock-congelateur-e7de1/versions/74ccba47d3c3971a/files/da0a4c57e2943645974b620c8fab9922cbc5c9da42b5a35fab9fa7231b365632 [stream]
[debug] [2026-04-08T16:20:59.634Z] >>> [apiv2][query] POST https://upload-firebasehosting.googleapis.com/upload/sites/stock-congelateur-e7de1/versions/74ccba47d3c3971a/files/5d68e030c7dec298cafcfb799a34e734cb9011e2dc710b2e3962b8bb05e7e86d [none]
[debug] [2026-04-08T16:20:59.634Z] >>> [apiv2][body] POST https://upload-firebasehosting.googleapis.com/upload/sites/stock-congelateur-e7de1/versions/74ccba47d3c3971a/files/5d68e030c7dec298cafcfb799a34e734cb9011e2dc710b2e3962b8bb05e7e86d [stream]
[debug] [2026-04-08T16:20:59.634Z] >>> [apiv2][query] POST https://upload-firebasehosting.googleapis.com/upload/sites/stock-congelateur-e7de1/versions/74ccba47d3c3971a/files/64141b6899f0b1a85c76601fd8e2f6a3dbd8efceed6c8e9d028bcab5c2ecd3cb [none]
[debug] [2026-04-08T16:20:59.634Z] >>> [apiv2][body] POST https://upload-firebasehosting.googleapis.com/upload/sites/stock-congelateur-e7de1/versions/74ccba47d3c3971a/files/64141b6899f0b1a85c76601fd8e2f6a3dbd8efceed6c8e9d028bcab5c2ecd3cb [stream]
[debug] [2026-04-08T16:20:59.634Z] >>> [apiv2][query] POST https://upload-firebasehosting.googleapis.com/upload/sites/stock-congelateur-e7de1/versions/74ccba47d3c3971a/files/c420e0798fd9e788afb2604a87c593e37fb82fa9b417ce8e25b72078bbde3cda [none]
[debug] [2026-04-08T16:20:59.634Z] >>> [apiv2][body] POST https://upload-firebasehosting.googleapis.com/upload/sites/stock-congelateur-e7de1/versions/74ccba47d3c3971a/files/c420e0798fd9e788afb2604a87c593e37fb82fa9b417ce8e25b72078bbde3cda [stream]
[debug] [2026-04-08T16:20:59.635Z] >>> [apiv2][query] POST https://upload-firebasehosting.googleapis.com/upload/sites/stock-congelateur-e7de1/versions/74ccba47d3c3971a/files/ede5681c63b8ad6d42fcae835820651b7dfa044bc14fa0da0b7ce9bc54bd7f18 [none]
[debug] [2026-04-08T16:20:59.635Z] >>> [apiv2][body] POST https://upload-firebasehosting.googleapis.com/upload/sites/stock-congelateur-e7de1/versions/74ccba47d3c3971a/files/ede5681c63b8ad6d42fcae835820651b7dfa044bc14fa0da0b7ce9bc54bd7f18 [stream]
[debug] [2026-04-08T16:20:59.635Z] >>> [apiv2][query] POST https://upload-firebasehosting.googleapis.com/upload/sites/stock-congelateur-e7de1/versions/74ccba47d3c3971a/files/4d0768bc11017be6b99d4bb4d34b4c8b2fd7ae8a93d42727591afb6737577db2 [none]
[debug] [2026-04-08T16:20:59.635Z] >>> [apiv2][body] POST https://upload-firebasehosting.googleapis.com/upload/sites/stock-congelateur-e7de1/versions/74ccba47d3c3971a/files/4d0768bc11017be6b99d4bb4d34b4c8b2fd7ae8a93d42727591afb6737577db2 [stream]
[debug] [2026-04-08T16:20:59.635Z] >>> [apiv2][query] POST https://upload-firebasehosting.googleapis.com/upload/sites/stock-congelateur-e7de1/versions/74ccba47d3c3971a/files/cea0c61a7bc11097a154cd9635e32ed0af9ac2d169351fb814fb0456639a72f7 [none]
[debug] [2026-04-08T16:20:59.635Z] >>> [apiv2][body] POST https://upload-firebasehosting.googleapis.com/upload/sites/stock-congelateur-e7de1/versions/74ccba47d3c3971a/files/cea0c61a7bc11097a154cd9635e32ed0af9ac2d169351fb814fb0456639a72f7 [stream]
[debug] [2026-04-08T16:20:59.636Z] >>> [apiv2][query] POST https://upload-firebasehosting.googleapis.com/upload/sites/stock-congelateur-e7de1/versions/74ccba47d3c3971a/files/91b94f5feaf0e4d2e6e7808a9188384a4300adf024fa24c48547ee87c64d6558 [none]
[debug] [2026-04-08T16:20:59.636Z] >>> [apiv2][body] POST https://upload-firebasehosting.googleapis.com/upload/sites/stock-congelateur-e7de1/versions/74ccba47d3c3971a/files/91b94f5feaf0e4d2e6e7808a9188384a4300adf024fa24c48547ee87c64d6558 [stream]
[debug] [2026-04-08T16:20:59.636Z] >>> [apiv2][query] POST https://upload-firebasehosting.googleapis.com/upload/sites/stock-congelateur-e7de1/versions/74ccba47d3c3971a/files/edfa1444e64dc8a83b21b0bab8c02f8826e392f194749617cea1ab5d16f5e95b [none]
[debug] [2026-04-08T16:20:59.636Z] >>> [apiv2][body] POST https://upload-firebasehosting.googleapis.com/upload/sites/stock-congelateur-e7de1/versions/74ccba47d3c3971a/files/edfa1444e64dc8a83b21b0bab8c02f8826e392f194749617cea1ab5d16f5e95b [stream]
[debug] [2026-04-08T16:20:59.636Z] >>> [apiv2][query] POST https://upload-firebasehosting.googleapis.com/upload/sites/stock-congelateur-e7de1/versions/74ccba47d3c3971a/files/877fdc3cbd887ac8ae3b8a5fdb24276462b4cf20f39a9d839d023d2c3b2b5698 [none]
[debug] [2026-04-08T16:20:59.636Z] >>> [apiv2][body] POST https://upload-firebasehosting.googleapis.com/upload/sites/stock-congelateur-e7de1/versions/74ccba47d3c3971a/files/877fdc3cbd887ac8ae3b8a5fdb24276462b4cf20f39a9d839d023d2c3b2b5698 [stream]
[debug] [2026-04-08T16:20:59.636Z] >>> [apiv2][query] POST https://upload-firebasehosting.googleapis.com/upload/sites/stock-congelateur-e7de1/versions/74ccba47d3c3971a/files/96ef158f5d681624804fb5b61c3adb014b4b88e3e00cf1b64eeaddb58c41e111 [none]
[debug] [2026-04-08T16:20:59.636Z] >>> [apiv2][body] POST https://upload-firebasehosting.googleapis.com/upload/sites/stock-congelateur-e7de1/versions/74ccba47d3c3971a/files/96ef158f5d681624804fb5b61c3adb014b4b88e3e00cf1b64eeaddb58c41e111 [stream]
[debug] [2026-04-08T16:20:59.637Z] >>> [apiv2][query] POST https://upload-firebasehosting.googleapis.com/upload/sites/stock-congelateur-e7de1/versions/74ccba47d3c3971a/files/0479d217dc6329cbba403c8254db7b9ee6c028f62f55db3641b0690373679b25 [none]
[debug] [2026-04-08T16:20:59.637Z] >>> [apiv2][body] POST https://upload-firebasehosting.googleapis.com/upload/sites/stock-congelateur-e7de1/versions/74ccba47d3c3971a/files/0479d217dc6329cbba403c8254db7b9ee6c028f62f55db3641b0690373679b25 [stream]
[debug] [2026-04-08T16:20:59.637Z] >>> [apiv2][query] POST https://upload-firebasehosting.googleapis.com/upload/sites/stock-congelateur-e7de1/versions/74ccba47d3c3971a/files/cd5b12c7e9e716f4ad34ca4a59f084d397a9c4e3a83612ace9c85283eb4f91ce [none]
[debug] [2026-04-08T16:20:59.637Z] >>> [apiv2][body] POST https://upload-firebasehosting.googleapis.com/upload/sites/stock-congelateur-e7de1/versions/74ccba47d3c3971a/files/cd5b12c7e9e716f4ad34ca4a59f084d397a9c4e3a83612ace9c85283eb4f91ce [stream]
[debug] [2026-04-08T16:20:59.637Z] >>> [apiv2][query] POST https://upload-firebasehosting.googleapis.com/upload/sites/stock-congelateur-e7de1/versions/74ccba47d3c3971a/files/3953bb22a7080a25352cc1682707a746155f7012806b8f8fa04098540d65654d [none]
[debug] [2026-04-08T16:20:59.637Z] >>> [apiv2][body] POST https://upload-firebasehosting.googleapis.com/upload/sites/stock-congelateur-e7de1/versions/74ccba47d3c3971a/files/3953bb22a7080a25352cc1682707a746155f7012806b8f8fa04098540d65654d [stream]
[debug] [2026-04-08T16:20:59.638Z] >>> [apiv2][query] POST https://upload-firebasehosting.googleapis.com/upload/sites/stock-congelateur-e7de1/versions/74ccba47d3c3971a/files/3d5b0c2026371e835c791d4b25099e98b1d507971ed6bfb639ae56a321309aeb [none]
[debug] [2026-04-08T16:20:59.638Z] >>> [apiv2][body] POST https://upload-firebasehosting.googleapis.com/upload/sites/stock-congelateur-e7de1/versions/74ccba47d3c3971a/files/3d5b0c2026371e835c791d4b25099e98b1d507971ed6bfb639ae56a321309aeb [stream]
[debug] [2026-04-08T16:20:59.638Z] >>> [apiv2][query] POST https://upload-firebasehosting.googleapis.com/upload/sites/stock-congelateur-e7de1/versions/74ccba47d3c3971a/files/79217a1e456d15780e1b1a3a7524e7d94a7af459d425f40828ae9d25aab64249 [none]
[debug] [2026-04-08T16:20:59.638Z] >>> [apiv2][body] POST https://upload-firebasehosting.googleapis.com/upload/sites/stock-congelateur-e7de1/versions/74ccba47d3c3971a/files/79217a1e456d15780e1b1a3a7524e7d94a7af459d425f40828ae9d25aab64249 [stream]
[debug] [2026-04-08T16:20:59.638Z] >>> [apiv2][query] POST https://upload-firebasehosting.googleapis.com/upload/sites/stock-congelateur-e7de1/versions/74ccba47d3c3971a/files/514c70cdaff08aac5dc1196848088c58b130cd9aa13a7cb2de625e16f17c6307 [none]
[debug] [2026-04-08T16:20:59.638Z] >>> [apiv2][body] POST https://upload-firebasehosting.googleapis.com/upload/sites/stock-congelateur-e7de1/versions/74ccba47d3c3971a/files/514c70cdaff08aac5dc1196848088c58b130cd9aa13a7cb2de625e16f17c6307 [stream]
[debug] [2026-04-08T16:20:59.639Z] >>> [apiv2][query] POST https://upload-firebasehosting.googleapis.com/upload/sites/stock-congelateur-e7de1/versions/74ccba47d3c3971a/files/defbdbcdbf096439878474d3b12ed4b5a63dec7400ecde5f4b60a496391d64d0 [none]
[debug] [2026-04-08T16:20:59.639Z] >>> [apiv2][body] POST https://upload-firebasehosting.googleapis.com/upload/sites/stock-congelateur-e7de1/versions/74ccba47d3c3971a/files/defbdbcdbf096439878474d3b12ed4b5a63dec7400ecde5f4b60a496391d64d0 [stream]
[debug] [2026-04-08T16:20:59.639Z] >>> [apiv2][query] POST https://upload-firebasehosting.googleapis.com/upload/sites/stock-congelateur-e7de1/versions/74ccba47d3c3971a/files/592e4b547ba2de8d4e99391fe1e59cf1a3421d100df45c8ec8573fa53e1b606d [none]
[debug] [2026-04-08T16:20:59.639Z] >>> [apiv2][body] POST https://upload-firebasehosting.googleapis.com/upload/sites/stock-congelateur-e7de1/versions/74ccba47d3c3971a/files/592e4b547ba2de8d4e99391fe1e59cf1a3421d100df45c8ec8573fa53e1b606d [stream]
[debug] [2026-04-08T16:20:59.639Z] >>> [apiv2][query] POST https://upload-firebasehosting.googleapis.com/upload/sites/stock-congelateur-e7de1/versions/74ccba47d3c3971a/files/b3f2e1f9de52a3895458d3a6f5e5a1ad139f688bcbc358d6e9d31888f7e84829 [none]
[debug] [2026-04-08T16:20:59.639Z] >>> [apiv2][body] POST https://upload-firebasehosting.googleapis.com/upload/sites/stock-congelateur-e7de1/versions/74ccba47d3c3971a/files/b3f2e1f9de52a3895458d3a6f5e5a1ad139f688bcbc358d6e9d31888f7e84829 [stream]
[debug] [2026-04-08T16:20:59.640Z] >>> [apiv2][query] POST https://upload-firebasehosting.googleapis.com/upload/sites/stock-congelateur-e7de1/versions/74ccba47d3c3971a/files/b703160503002ea73605a1b54a8183989f66e6530c125fbd1595339048ebd856 [none]
[debug] [2026-04-08T16:20:59.640Z] >>> [apiv2][body] POST https://upload-firebasehosting.googleapis.com/upload/sites/stock-congelateur-e7de1/versions/74ccba47d3c3971a/files/b703160503002ea73605a1b54a8183989f66e6530c125fbd1595339048ebd856 [stream]
[debug] [2026-04-08T16:20:59.640Z] >>> [apiv2][query] POST https://upload-firebasehosting.googleapis.com/upload/sites/stock-congelateur-e7de1/versions/74ccba47d3c3971a/files/4df962ba3955944bec38b211351c73f083d7b0e5360a5d3d76a49548e7314f9e [none]
[debug] [2026-04-08T16:20:59.640Z] >>> [apiv2][body] POST https://upload-firebasehosting.googleapis.com/upload/sites/stock-congelateur-e7de1/versions/74ccba47d3c3971a/files/4df962ba3955944bec38b211351c73f083d7b0e5360a5d3d76a49548e7314f9e [stream]
[debug] [2026-04-08T16:20:59.640Z] >>> [apiv2][query] POST https://upload-firebasehosting.googleapis.com/upload/sites/stock-congelateur-e7de1/versions/74ccba47d3c3971a/files/0d1b6d28d0113616fb342f605702c1178d853ea03c009e89d32911b4c56a488a [none]
[debug] [2026-04-08T16:20:59.640Z] >>> [apiv2][body] POST https://upload-firebasehosting.googleapis.com/upload/sites/stock-congelateur-e7de1/versions/74ccba47d3c3971a/files/0d1b6d28d0113616fb342f605702c1178d853ea03c009e89d32911b4c56a488a [stream]
[debug] [2026-04-08T16:20:59.641Z] >>> [apiv2][query] POST https://upload-firebasehosting.googleapis.com/upload/sites/stock-congelateur-e7de1/versions/74ccba47d3c3971a/files/25d3eb647e725ef6a216fc22d9a8ebf0bbf7667b8d7157921be3887349a7d17b [none]
[debug] [2026-04-08T16:20:59.641Z] >>> [apiv2][body] POST https://upload-firebasehosting.googleapis.com/upload/sites/stock-congelateur-e7de1/versions/74ccba47d3c3971a/files/25d3eb647e725ef6a216fc22d9a8ebf0bbf7667b8d7157921be3887349a7d17b [stream]
[debug] [2026-04-08T16:20:59.641Z] >>> [apiv2][query] POST https://upload-firebasehosting.googleapis.com/upload/sites/stock-congelateur-e7de1/versions/74ccba47d3c3971a/files/269e01a77fffe558c4d0c36da640dcd6ef6e4cc331e3d03965ef8f4950499cdc [none]
[debug] [2026-04-08T16:20:59.641Z] >>> [apiv2][body] POST https://upload-firebasehosting.googleapis.com/upload/sites/stock-congelateur-e7de1/versions/74ccba47d3c3971a/files/269e01a77fffe558c4d0c36da640dcd6ef6e4cc331e3d03965ef8f4950499cdc [stream]
[debug] [2026-04-08T16:20:59.641Z] >>> [apiv2][query] POST https://upload-firebasehosting.googleapis.com/upload/sites/stock-congelateur-e7de1/versions/74ccba47d3c3971a/files/d366d691e33458260d77c44be36050a3faf0aa12760955cc8ca85ee88389c400 [none]
[debug] [2026-04-08T16:20:59.641Z] >>> [apiv2][body] POST https://upload-firebasehosting.googleapis.com/upload/sites/stock-congelateur-e7de1/versions/74ccba47d3c3971a/files/d366d691e33458260d77c44be36050a3faf0aa12760955cc8ca85ee88389c400 [stream]
[debug] [2026-04-08T16:20:59.642Z] >>> [apiv2][query] POST https://upload-firebasehosting.googleapis.com/upload/sites/stock-congelateur-e7de1/versions/74ccba47d3c3971a/files/2c20d2c0d3769a1ccf7a84017917fc51f9c6234bf66d20855e79152a59a0d71f [none]
[debug] [2026-04-08T16:20:59.642Z] >>> [apiv2][body] POST https://upload-firebasehosting.googleapis.com/upload/sites/stock-congelateur-e7de1/versions/74ccba47d3c3971a/files/2c20d2c0d3769a1ccf7a84017917fc51f9c6234bf66d20855e79152a59a0d71f [stream]
[debug] [2026-04-08T16:20:59.642Z] [hosting][populate queue][FINAL] {"max":877,"min":877,"avg":877,"active":0,"complete":1,"success":1,"errored":0,"retried":0,"total":1,"elapsed":893}
[debug] [2026-04-08T16:20:59.642Z] [hosting] uploads queued: 41
[debug] [2026-04-08T16:21:00.370Z] <<< [apiv2][status] POST https://upload-firebasehosting.googleapis.com/upload/sites/stock-congelateur-e7de1/versions/74ccba47d3c3971a/files/a39dc51e21d1523cdef2091e7c7ab30a33ad42a7cd5da1f45139746e5c24b667 200
[debug] [2026-04-08T16:21:00.370Z] <<< [apiv2][body] POST https://upload-firebasehosting.googleapis.com/upload/sites/stock-congelateur-e7de1/versions/74ccba47d3c3971a/files/a39dc51e21d1523cdef2091e7c7ab30a33ad42a7cd5da1f45139746e5c24b667 [stream]
[debug] [2026-04-08T16:21:00.378Z] <<< [apiv2][status] POST https://upload-firebasehosting.googleapis.com/upload/sites/stock-congelateur-e7de1/versions/74ccba47d3c3971a/files/0f5d56efe56c5dcabb387d965aad58d0f60a3b7485cb9b04bef04b93bebf911e 200
[debug] [2026-04-08T16:21:00.378Z] <<< [apiv2][body] POST https://upload-firebasehosting.googleapis.com/upload/sites/stock-congelateur-e7de1/versions/74ccba47d3c3971a/files/0f5d56efe56c5dcabb387d965aad58d0f60a3b7485cb9b04bef04b93bebf911e [stream]
[debug] [2026-04-08T16:21:00.397Z] <<< [apiv2][status] POST https://upload-firebasehosting.googleapis.com/upload/sites/stock-congelateur-e7de1/versions/74ccba47d3c3971a/files/2b0a4f42fa30a128b46ad80e89c1f73b89d58b8abb9e92aee1c35625baccb584 200
[debug] [2026-04-08T16:21:00.398Z] <<< [apiv2][body] POST https://upload-firebasehosting.googleapis.com/upload/sites/stock-congelateur-e7de1/versions/74ccba47d3c3971a/files/2b0a4f42fa30a128b46ad80e89c1f73b89d58b8abb9e92aee1c35625baccb584 [stream]
[debug] [2026-04-08T16:21:00.404Z] <<< [apiv2][status] POST https://upload-firebasehosting.googleapis.com/upload/sites/stock-congelateur-e7de1/versions/74ccba47d3c3971a/files/8109b3dc5744bb0e115ee8e53ff7a7617ce4396aaa646538e068a6f09338447d 200
[debug] [2026-04-08T16:21:00.405Z] <<< [apiv2][body] POST https://upload-firebasehosting.googleapis.com/upload/sites/stock-congelateur-e7de1/versions/74ccba47d3c3971a/files/8109b3dc5744bb0e115ee8e53ff7a7617ce4396aaa646538e068a6f09338447d [stream]
[debug] [2026-04-08T16:21:00.422Z] <<< [apiv2][status] POST https://upload-firebasehosting.googleapis.com/upload/sites/stock-congelateur-e7de1/versions/74ccba47d3c3971a/files/ede5681c63b8ad6d42fcae835820651b7dfa044bc14fa0da0b7ce9bc54bd7f18 200
[debug] [2026-04-08T16:21:00.422Z] <<< [apiv2][body] POST https://upload-firebasehosting.googleapis.com/upload/sites/stock-congelateur-e7de1/versions/74ccba47d3c3971a/files/ede5681c63b8ad6d42fcae835820651b7dfa044bc14fa0da0b7ce9bc54bd7f18 [stream]
[debug] [2026-04-08T16:21:00.422Z] <<< [apiv2][status] POST https://upload-firebasehosting.googleapis.com/upload/sites/stock-congelateur-e7de1/versions/74ccba47d3c3971a/files/d366d691e33458260d77c44be36050a3faf0aa12760955cc8ca85ee88389c400 200
[debug] [2026-04-08T16:21:00.422Z] <<< [apiv2][body] POST https://upload-firebasehosting.googleapis.com/upload/sites/stock-congelateur-e7de1/versions/74ccba47d3c3971a/files/d366d691e33458260d77c44be36050a3faf0aa12760955cc8ca85ee88389c400 [stream]
[debug] [2026-04-08T16:21:00.431Z] <<< [apiv2][status] POST https://upload-firebasehosting.googleapis.com/upload/sites/stock-congelateur-e7de1/versions/74ccba47d3c3971a/files/30bdb929194fbaf3d6b0f4cab762f72873f405753fa5fb22615bf807753c9859 200
[debug] [2026-04-08T16:21:00.432Z] <<< [apiv2][body] POST https://upload-firebasehosting.googleapis.com/upload/sites/stock-congelateur-e7de1/versions/74ccba47d3c3971a/files/30bdb929194fbaf3d6b0f4cab762f72873f405753fa5fb22615bf807753c9859 [stream]
[debug] [2026-04-08T16:21:00.434Z] <<< [apiv2][status] POST https://upload-firebasehosting.googleapis.com/upload/sites/stock-congelateur-e7de1/versions/74ccba47d3c3971a/files/a362e375cc3330f10d115cfeb0f90a325219d80a764d57e2c4873f78d1d0b4f5 200
[debug] [2026-04-08T16:21:00.434Z] <<< [apiv2][body] POST https://upload-firebasehosting.googleapis.com/upload/sites/stock-congelateur-e7de1/versions/74ccba47d3c3971a/files/a362e375cc3330f10d115cfeb0f90a325219d80a764d57e2c4873f78d1d0b4f5 [stream]
[debug] [2026-04-08T16:21:00.435Z] <<< [apiv2][status] POST https://upload-firebasehosting.googleapis.com/upload/sites/stock-congelateur-e7de1/versions/74ccba47d3c3971a/files/defbdbcdbf096439878474d3b12ed4b5a63dec7400ecde5f4b60a496391d64d0 200
[debug] [2026-04-08T16:21:00.435Z] <<< [apiv2][body] POST https://upload-firebasehosting.googleapis.com/upload/sites/stock-congelateur-e7de1/versions/74ccba47d3c3971a/files/defbdbcdbf096439878474d3b12ed4b5a63dec7400ecde5f4b60a496391d64d0 [stream]
[debug] [2026-04-08T16:21:00.435Z] <<< [apiv2][status] POST https://upload-firebasehosting.googleapis.com/upload/sites/stock-congelateur-e7de1/versions/74ccba47d3c3971a/files/b3f2e1f9de52a3895458d3a6f5e5a1ad139f688bcbc358d6e9d31888f7e84829 200
[debug] [2026-04-08T16:21:00.435Z] <<< [apiv2][body] POST https://upload-firebasehosting.googleapis.com/upload/sites/stock-congelateur-e7de1/versions/74ccba47d3c3971a/files/b3f2e1f9de52a3895458d3a6f5e5a1ad139f688bcbc358d6e9d31888f7e84829 [stream]
[debug] [2026-04-08T16:21:00.442Z] <<< [apiv2][status] POST https://upload-firebasehosting.googleapis.com/upload/sites/stock-congelateur-e7de1/versions/74ccba47d3c3971a/files/96ef158f5d681624804fb5b61c3adb014b4b88e3e00cf1b64eeaddb58c41e111 200
[debug] [2026-04-08T16:21:00.442Z] <<< [apiv2][body] POST https://upload-firebasehosting.googleapis.com/upload/sites/stock-congelateur-e7de1/versions/74ccba47d3c3971a/files/96ef158f5d681624804fb5b61c3adb014b4b88e3e00cf1b64eeaddb58c41e111 [stream]
[debug] [2026-04-08T16:21:00.450Z] <<< [apiv2][status] POST https://upload-firebasehosting.googleapis.com/upload/sites/stock-congelateur-e7de1/versions/74ccba47d3c3971a/files/4df962ba3955944bec38b211351c73f083d7b0e5360a5d3d76a49548e7314f9e 200
[debug] [2026-04-08T16:21:00.450Z] <<< [apiv2][body] POST https://upload-firebasehosting.googleapis.com/upload/sites/stock-congelateur-e7de1/versions/74ccba47d3c3971a/files/4df962ba3955944bec38b211351c73f083d7b0e5360a5d3d76a49548e7314f9e [stream]
[debug] [2026-04-08T16:21:00.458Z] <<< [apiv2][status] POST https://upload-firebasehosting.googleapis.com/upload/sites/stock-congelateur-e7de1/versions/74ccba47d3c3971a/files/9b3c070fc0608b04e690a7dd7c17419759fbed06932985aed32e306418e86ed2 200
[debug] [2026-04-08T16:21:00.458Z] <<< [apiv2][body] POST https://upload-firebasehosting.googleapis.com/upload/sites/stock-congelateur-e7de1/versions/74ccba47d3c3971a/files/9b3c070fc0608b04e690a7dd7c17419759fbed06932985aed32e306418e86ed2 [stream]
[debug] [2026-04-08T16:21:00.477Z] <<< [apiv2][status] POST https://upload-firebasehosting.googleapis.com/upload/sites/stock-congelateur-e7de1/versions/74ccba47d3c3971a/files/3953bb22a7080a25352cc1682707a746155f7012806b8f8fa04098540d65654d 200
[debug] [2026-04-08T16:21:00.477Z] <<< [apiv2][body] POST https://upload-firebasehosting.googleapis.com/upload/sites/stock-congelateur-e7de1/versions/74ccba47d3c3971a/files/3953bb22a7080a25352cc1682707a746155f7012806b8f8fa04098540d65654d [stream]
[debug] [2026-04-08T16:21:00.485Z] <<< [apiv2][status] POST https://upload-firebasehosting.googleapis.com/upload/sites/stock-congelateur-e7de1/versions/74ccba47d3c3971a/files/592e4b547ba2de8d4e99391fe1e59cf1a3421d100df45c8ec8573fa53e1b606d 200
[debug] [2026-04-08T16:21:00.485Z] <<< [apiv2][body] POST https://upload-firebasehosting.googleapis.com/upload/sites/stock-congelateur-e7de1/versions/74ccba47d3c3971a/files/592e4b547ba2de8d4e99391fe1e59cf1a3421d100df45c8ec8573fa53e1b606d [stream]
[debug] [2026-04-08T16:21:00.487Z] <<< [apiv2][status] POST https://upload-firebasehosting.googleapis.com/upload/sites/stock-congelateur-e7de1/versions/74ccba47d3c3971a/files/3cdc7b6a29de07f63b76d16b9911d93468000346945f759d4f6456660b5c113b 200
[debug] [2026-04-08T16:21:00.487Z] <<< [apiv2][body] POST https://upload-firebasehosting.googleapis.com/upload/sites/stock-congelateur-e7de1/versions/74ccba47d3c3971a/files/3cdc7b6a29de07f63b76d16b9911d93468000346945f759d4f6456660b5c113b [stream]
[debug] [2026-04-08T16:21:00.490Z] <<< [apiv2][status] POST https://upload-firebasehosting.googleapis.com/upload/sites/stock-congelateur-e7de1/versions/74ccba47d3c3971a/files/4d0768bc11017be6b99d4bb4d34b4c8b2fd7ae8a93d42727591afb6737577db2 200
[debug] [2026-04-08T16:21:00.490Z] <<< [apiv2][body] POST https://upload-firebasehosting.googleapis.com/upload/sites/stock-congelateur-e7de1/versions/74ccba47d3c3971a/files/4d0768bc11017be6b99d4bb4d34b4c8b2fd7ae8a93d42727591afb6737577db2 [stream]
[debug] [2026-04-08T16:21:00.494Z] <<< [apiv2][status] POST https://upload-firebasehosting.googleapis.com/upload/sites/stock-congelateur-e7de1/versions/74ccba47d3c3971a/files/b703160503002ea73605a1b54a8183989f66e6530c125fbd1595339048ebd856 200
[debug] [2026-04-08T16:21:00.495Z] <<< [apiv2][body] POST https://upload-firebasehosting.googleapis.com/upload/sites/stock-congelateur-e7de1/versions/74ccba47d3c3971a/files/b703160503002ea73605a1b54a8183989f66e6530c125fbd1595339048ebd856 [stream]
[debug] [2026-04-08T16:21:00.505Z] <<< [apiv2][status] POST https://upload-firebasehosting.googleapis.com/upload/sites/stock-congelateur-e7de1/versions/74ccba47d3c3971a/files/91b94f5feaf0e4d2e6e7808a9188384a4300adf024fa24c48547ee87c64d6558 200
[debug] [2026-04-08T16:21:00.505Z] <<< [apiv2][body] POST https://upload-firebasehosting.googleapis.com/upload/sites/stock-congelateur-e7de1/versions/74ccba47d3c3971a/files/91b94f5feaf0e4d2e6e7808a9188384a4300adf024fa24c48547ee87c64d6558 [stream]
[debug] [2026-04-08T16:21:00.521Z] <<< [apiv2][status] POST https://upload-firebasehosting.googleapis.com/upload/sites/stock-congelateur-e7de1/versions/74ccba47d3c3971a/files/0d1b6d28d0113616fb342f605702c1178d853ea03c009e89d32911b4c56a488a 200
[debug] [2026-04-08T16:21:00.521Z] <<< [apiv2][body] POST https://upload-firebasehosting.googleapis.com/upload/sites/stock-congelateur-e7de1/versions/74ccba47d3c3971a/files/0d1b6d28d0113616fb342f605702c1178d853ea03c009e89d32911b4c56a488a [stream]
[debug] [2026-04-08T16:21:00.525Z] <<< [apiv2][status] POST https://upload-firebasehosting.googleapis.com/upload/sites/stock-congelateur-e7de1/versions/74ccba47d3c3971a/files/0479d217dc6329cbba403c8254db7b9ee6c028f62f55db3641b0690373679b25 200
[debug] [2026-04-08T16:21:00.525Z] <<< [apiv2][body] POST https://upload-firebasehosting.googleapis.com/upload/sites/stock-congelateur-e7de1/versions/74ccba47d3c3971a/files/0479d217dc6329cbba403c8254db7b9ee6c028f62f55db3641b0690373679b25 [stream]
[debug] [2026-04-08T16:21:00.553Z] <<< [apiv2][status] POST https://upload-firebasehosting.googleapis.com/upload/sites/stock-congelateur-e7de1/versions/74ccba47d3c3971a/files/edfa1444e64dc8a83b21b0bab8c02f8826e392f194749617cea1ab5d16f5e95b 200
[debug] [2026-04-08T16:21:00.553Z] <<< [apiv2][body] POST https://upload-firebasehosting.googleapis.com/upload/sites/stock-congelateur-e7de1/versions/74ccba47d3c3971a/files/edfa1444e64dc8a83b21b0bab8c02f8826e392f194749617cea1ab5d16f5e95b [stream]
[debug] [2026-04-08T16:21:00.556Z] <<< [apiv2][status] POST https://upload-firebasehosting.googleapis.com/upload/sites/stock-congelateur-e7de1/versions/74ccba47d3c3971a/files/79217a1e456d15780e1b1a3a7524e7d94a7af459d425f40828ae9d25aab64249 200
[debug] [2026-04-08T16:21:00.556Z] <<< [apiv2][body] POST https://upload-firebasehosting.googleapis.com/upload/sites/stock-congelateur-e7de1/versions/74ccba47d3c3971a/files/79217a1e456d15780e1b1a3a7524e7d94a7af459d425f40828ae9d25aab64249 [stream]
[debug] [2026-04-08T16:21:00.565Z] <<< [apiv2][status] POST https://upload-firebasehosting.googleapis.com/upload/sites/stock-congelateur-e7de1/versions/74ccba47d3c3971a/files/c420e0798fd9e788afb2604a87c593e37fb82fa9b417ce8e25b72078bbde3cda 200
[debug] [2026-04-08T16:21:00.565Z] <<< [apiv2][body] POST https://upload-firebasehosting.googleapis.com/upload/sites/stock-congelateur-e7de1/versions/74ccba47d3c3971a/files/c420e0798fd9e788afb2604a87c593e37fb82fa9b417ce8e25b72078bbde3cda [stream]
[debug] [2026-04-08T16:21:00.669Z] <<< [apiv2][status] POST https://upload-firebasehosting.googleapis.com/upload/sites/stock-congelateur-e7de1/versions/74ccba47d3c3971a/files/25d3eb647e725ef6a216fc22d9a8ebf0bbf7667b8d7157921be3887349a7d17b 200
[debug] [2026-04-08T16:21:00.670Z] <<< [apiv2][body] POST https://upload-firebasehosting.googleapis.com/upload/sites/stock-congelateur-e7de1/versions/74ccba47d3c3971a/files/25d3eb647e725ef6a216fc22d9a8ebf0bbf7667b8d7157921be3887349a7d17b [stream]
[debug] [2026-04-08T16:21:00.670Z] <<< [apiv2][status] POST https://upload-firebasehosting.googleapis.com/upload/sites/stock-congelateur-e7de1/versions/74ccba47d3c3971a/files/0d2888f62d26805c7c985339ab7f038006b45b67aba654700e4f1ffca22edcf0 200
[debug] [2026-04-08T16:21:00.670Z] <<< [apiv2][body] POST https://upload-firebasehosting.googleapis.com/upload/sites/stock-congelateur-e7de1/versions/74ccba47d3c3971a/files/0d2888f62d26805c7c985339ab7f038006b45b67aba654700e4f1ffca22edcf0 [stream]
[debug] [2026-04-08T16:21:00.670Z] <<< [apiv2][status] POST https://upload-firebasehosting.googleapis.com/upload/sites/stock-congelateur-e7de1/versions/74ccba47d3c3971a/files/cea0c61a7bc11097a154cd9635e32ed0af9ac2d169351fb814fb0456639a72f7 200
[debug] [2026-04-08T16:21:00.670Z] <<< [apiv2][body] POST https://upload-firebasehosting.googleapis.com/upload/sites/stock-congelateur-e7de1/versions/74ccba47d3c3971a/files/cea0c61a7bc11097a154cd9635e32ed0af9ac2d169351fb814fb0456639a72f7 [stream]
[debug] [2026-04-08T16:21:00.670Z] <<< [apiv2][status] POST https://upload-firebasehosting.googleapis.com/upload/sites/stock-congelateur-e7de1/versions/74ccba47d3c3971a/files/3d5b0c2026371e835c791d4b25099e98b1d507971ed6bfb639ae56a321309aeb 200
[debug] [2026-04-08T16:21:00.670Z] <<< [apiv2][body] POST https://upload-firebasehosting.googleapis.com/upload/sites/stock-congelateur-e7de1/versions/74ccba47d3c3971a/files/3d5b0c2026371e835c791d4b25099e98b1d507971ed6bfb639ae56a321309aeb [stream]
[debug] [2026-04-08T16:21:00.670Z] <<< [apiv2][status] POST https://upload-firebasehosting.googleapis.com/upload/sites/stock-congelateur-e7de1/versions/74ccba47d3c3971a/files/be837b8773dea5dd35c58fae670a79184e04ab60a4d58ba67917ea71d7f923db 200
[debug] [2026-04-08T16:21:00.670Z] <<< [apiv2][body] POST https://upload-firebasehosting.googleapis.com/upload/sites/stock-congelateur-e7de1/versions/74ccba47d3c3971a/files/be837b8773dea5dd35c58fae670a79184e04ab60a4d58ba67917ea71d7f923db [stream]
[debug] [2026-04-08T16:21:00.671Z] <<< [apiv2][status] POST https://upload-firebasehosting.googleapis.com/upload/sites/stock-congelateur-e7de1/versions/74ccba47d3c3971a/files/25293c1895fc57e163bbbe22e3972279113d4f184e91a271a05593721f2e5deb 200
[debug] [2026-04-08T16:21:00.671Z] <<< [apiv2][body] POST https://upload-firebasehosting.googleapis.com/upload/sites/stock-congelateur-e7de1/versions/74ccba47d3c3971a/files/25293c1895fc57e163bbbe22e3972279113d4f184e91a271a05593721f2e5deb [stream]
[debug] [2026-04-08T16:21:00.671Z] <<< [apiv2][status] POST https://upload-firebasehosting.googleapis.com/upload/sites/stock-congelateur-e7de1/versions/74ccba47d3c3971a/files/ca02e6def25d2ae3645fdf81ac6ff7c3548e92087d9951bd80d88cd165a3305d 200
[debug] [2026-04-08T16:21:00.671Z] <<< [apiv2][body] POST https://upload-firebasehosting.googleapis.com/upload/sites/stock-congelateur-e7de1/versions/74ccba47d3c3971a/files/ca02e6def25d2ae3645fdf81ac6ff7c3548e92087d9951bd80d88cd165a3305d [stream]
[debug] [2026-04-08T16:21:00.673Z] <<< [apiv2][status] POST https://upload-firebasehosting.googleapis.com/upload/sites/stock-congelateur-e7de1/versions/74ccba47d3c3971a/files/877fdc3cbd887ac8ae3b8a5fdb24276462b4cf20f39a9d839d023d2c3b2b5698 200
[debug] [2026-04-08T16:21:00.673Z] <<< [apiv2][body] POST https://upload-firebasehosting.googleapis.com/upload/sites/stock-congelateur-e7de1/versions/74ccba47d3c3971a/files/877fdc3cbd887ac8ae3b8a5fdb24276462b4cf20f39a9d839d023d2c3b2b5698 [stream]
[debug] [2026-04-08T16:21:00.686Z] <<< [apiv2][status] POST https://upload-firebasehosting.googleapis.com/upload/sites/stock-congelateur-e7de1/versions/74ccba47d3c3971a/files/ae7316c5d699a38042010da23c866de8ded65cbfc159694a032aba4792ef19df 200
[debug] [2026-04-08T16:21:00.686Z] <<< [apiv2][body] POST https://upload-firebasehosting.googleapis.com/upload/sites/stock-congelateur-e7de1/versions/74ccba47d3c3971a/files/ae7316c5d699a38042010da23c866de8ded65cbfc159694a032aba4792ef19df [stream]
[debug] [2026-04-08T16:21:00.692Z] <<< [apiv2][status] POST https://upload-firebasehosting.googleapis.com/upload/sites/stock-congelateur-e7de1/versions/74ccba47d3c3971a/files/da0a4c57e2943645974b620c8fab9922cbc5c9da42b5a35fab9fa7231b365632 200
[debug] [2026-04-08T16:21:00.692Z] <<< [apiv2][body] POST https://upload-firebasehosting.googleapis.com/upload/sites/stock-congelateur-e7de1/versions/74ccba47d3c3971a/files/da0a4c57e2943645974b620c8fab9922cbc5c9da42b5a35fab9fa7231b365632 [stream]
[debug] [2026-04-08T16:21:00.696Z] <<< [apiv2][status] POST https://upload-firebasehosting.googleapis.com/upload/sites/stock-congelateur-e7de1/versions/74ccba47d3c3971a/files/5d68e030c7dec298cafcfb799a34e734cb9011e2dc710b2e3962b8bb05e7e86d 200
[debug] [2026-04-08T16:21:00.696Z] <<< [apiv2][body] POST https://upload-firebasehosting.googleapis.com/upload/sites/stock-congelateur-e7de1/versions/74ccba47d3c3971a/files/5d68e030c7dec298cafcfb799a34e734cb9011e2dc710b2e3962b8bb05e7e86d [stream]
[info] i  hosting: uploading new files [35/41] (85%) 
[debug] [2026-04-08T16:21:00.847Z] <<< [apiv2][status] POST https://upload-firebasehosting.googleapis.com/upload/sites/stock-congelateur-e7de1/versions/74ccba47d3c3971a/files/cd5b12c7e9e716f4ad34ca4a59f084d397a9c4e3a83612ace9c85283eb4f91ce 200
[debug] [2026-04-08T16:21:00.847Z] <<< [apiv2][body] POST https://upload-firebasehosting.googleapis.com/upload/sites/stock-congelateur-e7de1/versions/74ccba47d3c3971a/files/cd5b12c7e9e716f4ad34ca4a59f084d397a9c4e3a83612ace9c85283eb4f91ce [stream]
[debug] [2026-04-08T16:21:00.890Z] <<< [apiv2][status] POST https://upload-firebasehosting.googleapis.com/upload/sites/stock-congelateur-e7de1/versions/74ccba47d3c3971a/files/269e01a77fffe558c4d0c36da640dcd6ef6e4cc331e3d03965ef8f4950499cdc 200
[debug] [2026-04-08T16:21:00.890Z] <<< [apiv2][body] POST https://upload-firebasehosting.googleapis.com/upload/sites/stock-congelateur-e7de1/versions/74ccba47d3c3971a/files/269e01a77fffe558c4d0c36da640dcd6ef6e4cc331e3d03965ef8f4950499cdc [stream]
[debug] [2026-04-08T16:21:00.924Z] <<< [apiv2][status] POST https://upload-firebasehosting.googleapis.com/upload/sites/stock-congelateur-e7de1/versions/74ccba47d3c3971a/files/2c20d2c0d3769a1ccf7a84017917fc51f9c6234bf66d20855e79152a59a0d71f 200
[debug] [2026-04-08T16:21:00.924Z] <<< [apiv2][body] POST https://upload-firebasehosting.googleapis.com/upload/sites/stock-congelateur-e7de1/versions/74ccba47d3c3971a/files/2c20d2c0d3769a1ccf7a84017917fc51f9c6234bf66d20855e79152a59a0d71f [stream]
[debug] [2026-04-08T16:21:00.974Z] <<< [apiv2][status] POST https://upload-firebasehosting.googleapis.com/upload/sites/stock-congelateur-e7de1/versions/74ccba47d3c3971a/files/66bdd1e3de76102387ff9e43e93430036353d70687cbde360114da40cd1ec6b3 200
[debug] [2026-04-08T16:21:00.974Z] <<< [apiv2][body] POST https://upload-firebasehosting.googleapis.com/upload/sites/stock-congelateur-e7de1/versions/74ccba47d3c3971a/files/66bdd1e3de76102387ff9e43e93430036353d70687cbde360114da40cd1ec6b3 [stream]
[debug] [2026-04-08T16:21:00.989Z] <<< [apiv2][status] POST https://upload-firebasehosting.googleapis.com/upload/sites/stock-congelateur-e7de1/versions/74ccba47d3c3971a/files/514c70cdaff08aac5dc1196848088c58b130cd9aa13a7cb2de625e16f17c6307 200
[debug] [2026-04-08T16:21:00.990Z] <<< [apiv2][body] POST https://upload-firebasehosting.googleapis.com/upload/sites/stock-congelateur-e7de1/versions/74ccba47d3c3971a/files/514c70cdaff08aac5dc1196848088c58b130cd9aa13a7cb2de625e16f17c6307 [stream]
[debug] [2026-04-08T16:21:01.030Z] <<< [apiv2][status] POST https://upload-firebasehosting.googleapis.com/upload/sites/stock-congelateur-e7de1/versions/74ccba47d3c3971a/files/64141b6899f0b1a85c76601fd8e2f6a3dbd8efceed6c8e9d028bcab5c2ecd3cb 200
[debug] [2026-04-08T16:21:01.030Z] <<< [apiv2][body] POST https://upload-firebasehosting.googleapis.com/upload/sites/stock-congelateur-e7de1/versions/74ccba47d3c3971a/files/64141b6899f0b1a85c76601fd8e2f6a3dbd8efceed6c8e9d028bcab5c2ecd3cb [stream]
[debug] [2026-04-08T16:21:01.030Z] [hosting][upload queue][FINAL] {"max":1406,"min":747,"avg":967.0975609756098,"active":0,"complete":41,"success":41,"errored":0,"retried":0,"total":41,"elapsed":1408}
[info] i  hosting: upload complete 
[info] ✔  hosting[stock-congelateur-e7de1]: file upload complete 
[debug] [2026-04-08T16:21:01.031Z] [hosting] deploy completed after 2315ms
[debug] [2026-04-08T16:21:01.031Z] [
  {
    "config": {
      "public": ".",
      "ignore": [
        "firebase.json",
        "**/.*",
        "**/node_modules/**"
      ],
      "site": "stock-congelateur-e7de1"
    },
    "version": "projects/983458233014/sites/stock-congelateur-e7de1/versions/74ccba47d3c3971a"
  }
]
[info] i  hosting[stock-congelateur-e7de1]: finalizing version... 
[debug] [2026-04-08T16:21:01.031Z] Checked if tokens are valid: true, expires at: 1775668854000
[debug] [2026-04-08T16:21:01.032Z] Checked if tokens are valid: true, expires at: 1775668854000
[debug] [2026-04-08T16:21:01.032Z] >>> [apiv2][query] PATCH https://firebasehosting.googleapis.com/v1beta1/projects/-/sites/stock-congelateur-e7de1/versions/74ccba47d3c3971a updateMask=status%2Cconfig
[debug] [2026-04-08T16:21:01.032Z] >>> [apiv2][body] PATCH https://firebasehosting.googleapis.com/v1beta1/projects/-/sites/stock-congelateur-e7de1/versions/74ccba47d3c3971a {"status":"FINALIZED","config":{}}
[debug] [2026-04-08T16:21:02.346Z] <<< [apiv2][status] PATCH https://firebasehosting.googleapis.com/v1beta1/projects/-/sites/stock-congelateur-e7de1/versions/74ccba47d3c3971a 200
[debug] [2026-04-08T16:21:02.346Z] <<< [apiv2][body] PATCH https://firebasehosting.googleapis.com/v1beta1/projects/-/sites/stock-congelateur-e7de1/versions/74ccba47d3c3971a {"name":"projects/983458233014/sites/stock-congelateur-e7de1/versions/74ccba47d3c3971a","status":"FINALIZED","config":{},"labels":{"deployment-tool":"cli-firebase"},"createTime":"2026-04-08T16:20:56.798819Z","createUser":{"email":"guillaume220@gmail.com"},"finalizeTime":"2026-04-08T16:21:02.222073Z","finalizeUser":{"email":"guillaume220@gmail.com"}}
[debug] [2026-04-08T16:21:02.346Z] [hosting] finalized version for stock-congelateur-e7de1:[object Object]
[info] ✔  hosting[stock-congelateur-e7de1]: version finalized 
[info] i  hosting[stock-congelateur-e7de1]: releasing new version... 
[debug] [2026-04-08T16:21:02.346Z] Checked if tokens are valid: true, expires at: 1775668854000
[debug] [2026-04-08T16:21:02.346Z] Checked if tokens are valid: true, expires at: 1775668854000
[debug] [2026-04-08T16:21:02.346Z] >>> [apiv2][query] POST https://firebasehosting.googleapis.com/v1beta1/projects/-/sites/stock-congelateur-e7de1/channels/live/releases versionName=projects%2F983458233014%2Fsites%2Fstock-congelateur-e7de1%2Fversions%2F74ccba47d3c3971a
[debug] [2026-04-08T16:21:02.346Z] >>> [apiv2][body] POST https://firebasehosting.googleapis.com/v1beta1/projects/-/sites/stock-congelateur-e7de1/channels/live/releases {}
[debug] [2026-04-08T16:21:03.519Z] <<< [apiv2][status] POST https://firebasehosting.googleapis.com/v1beta1/projects/-/sites/stock-congelateur-e7de1/channels/live/releases 200
[debug] [2026-04-08T16:21:19.707Z] ----------------------------------------------------------------------
[debug] [2026-04-08T16:21:19.709Z] Command:       /opt/homebrew/Cellar/node/23.1.0_1/bin/node /opt/homebrew/bin/firebase deploy --only hosting
[debug] [2026-04-08T16:21:19.709Z] CLI Version:   15.13.0
[debug] [2026-04-08T16:21:19.709Z] Platform:      darwin
[debug] [2026-04-08T16:21:19.709Z] Node Version:  v23.1.0
[debug] [2026-04-08T16:21:19.710Z] Time:          Wed Apr 08 2026 18:21:19 GMT+0200 (Central European Summer Time)
[debug] [2026-04-08T16:21:19.710Z] ----------------------------------------------------------------------
[debug] 
[debug] [2026-04-08T16:21:20.450Z] > command requires scopes: ["email","openid","https://www.googleapis.com/auth/cloudplatformprojects.readonly","https://www.googleapis.com/auth/firebase","https://www.googleapis.com/auth/cloud-platform"]
[debug] [2026-04-08T16:21:20.451Z] > authorizing via signed-in user (guillaume220@gmail.com)
[debug] [2026-04-08T16:21:20.451Z] [iam] checking project stock-congelateur-e7de1 for permissions ["firebase.projects.get","firebasehosting.sites.update"]
[debug] [2026-04-08T16:21:20.451Z] Checked if tokens are valid: true, expires at: 1775668854000
[debug] [2026-04-08T16:21:20.451Z] Checked if tokens are valid: true, expires at: 1775668854000
[debug] [2026-04-08T16:21:20.452Z] >>> [apiv2][query] POST https://cloudresourcemanager.googleapis.com/v1/projects/stock-congelateur-e7de1:testIamPermissions [none]
[debug] [2026-04-08T16:21:20.452Z] >>> [apiv2][(partial)header] POST https://cloudresourcemanager.googleapis.com/v1/projects/stock-congelateur-e7de1:testIamPermissions  x-goog-user-project=stock-congelateur-e7de1
[debug] [2026-04-08T16:21:20.452Z] >>> [apiv2][body] POST https://cloudresourcemanager.googleapis.com/v1/projects/stock-congelateur-e7de1:testIamPermissions {"permissions":["firebase.projects.get","firebasehosting.sites.update"]}
[debug] [2026-04-08T16:21:21.179Z] <<< [apiv2][status] POST https://cloudresourcemanager.googleapis.com/v1/projects/stock-congelateur-e7de1:testIamPermissions 200
[debug] [2026-04-08T16:21:21.180Z] <<< [apiv2][body] POST https://cloudresourcemanager.googleapis.com/v1/projects/stock-congelateur-e7de1:testIamPermissions {"permissions":["firebase.projects.get","firebasehosting.sites.update"]}
[debug] [2026-04-08T16:21:21.180Z] Checked if tokens are valid: true, expires at: 1775668854000
[debug] [2026-04-08T16:21:21.180Z] Checked if tokens are valid: true, expires at: 1775668854000
[debug] [2026-04-08T16:21:21.180Z] >>> [apiv2][query] GET https://firebase.googleapis.com/v1beta1/projects/stock-congelateur-e7de1 [none]
[debug] [2026-04-08T16:21:21.447Z] <<< [apiv2][status] GET https://firebase.googleapis.com/v1beta1/projects/stock-congelateur-e7de1 200
[debug] [2026-04-08T16:21:21.447Z] <<< [apiv2][body] GET https://firebase.googleapis.com/v1beta1/projects/stock-congelateur-e7de1 {"projectId":"stock-congelateur-e7de1","projectNumber":"983458233014","displayName":"stock-congelateur","name":"projects/stock-congelateur-e7de1","resources":{"hostingSite":"stock-congelateur-e7de1"},"state":"ACTIVE","etag":"1_3114c584-9d8c-4b7f-babd-887daf98958c"}
[info] 
[info] === Deploying to 'stock-congelateur-e7de1'...
[info] 
[info] i  deploying hosting 
[debug] [2026-04-08T16:21:21.449Z] Checked if tokens are valid: true, expires at: 1775668854000
[debug] [2026-04-08T16:21:21.449Z] Checked if tokens are valid: true, expires at: 1775668854000
[debug] [2026-04-08T16:21:21.449Z] >>> [apiv2][query] POST https://firebasehosting.googleapis.com/v1beta1/projects/-/sites/stock-congelateur-e7de1/versions [none]
[debug] [2026-04-08T16:21:21.449Z] >>> [apiv2][body] POST https://firebasehosting.googleapis.com/v1beta1/projects/-/sites/stock-congelateur-e7de1/versions {"status":"CREATED","labels":{"deployment-tool":"cli-firebase"}}
[debug] [2026-04-08T16:21:23.212Z] <<< [apiv2][status] POST https://firebasehosting.googleapis.com/v1beta1/projects/-/sites/stock-congelateur-e7de1/versions 200
[debug] [2026-04-08T16:21:23.212Z] <<< [apiv2][body] POST https://firebasehosting.googleapis.com/v1beta1/projects/-/sites/stock-congelateur-e7de1/versions {"name":"projects/983458233014/sites/stock-congelateur-e7de1/versions/88b47db6b95ec267","status":"CREATED","config":{},"labels":{"deployment-tool":"cli-firebase"}}
[info] i  hosting[stock-congelateur-e7de1]: beginning deploy... 
[info] i  hosting[stock-congelateur-e7de1]: found 6 files in . 
[debug] [2026-04-08T16:21:23.219Z] [hosting] uploading with 200 concurrency
[debug] [2026-04-08T16:21:23.220Z] Checked if tokens are valid: true, expires at: 1775668854000
[debug] [2026-04-08T16:21:23.220Z] Checked if tokens are valid: true, expires at: 1775668854000
[debug] [2026-04-08T16:21:23.221Z] [hosting] hash cache [] stored for 6 files
[debug] [2026-04-08T16:21:23.221Z] [hosting][hash queue][FINAL] {"max":0,"min":0,"avg":0,"active":0,"complete":6,"success":6,"errored":0,"retried":0,"total":6,"elapsed":1}
[debug] [2026-04-08T16:21:23.221Z] >>> [apiv2][query] POST https://firebasehosting.googleapis.com/v1beta1/projects/983458233014/sites/stock-congelateur-e7de1/versions/88b47db6b95ec267:populateFiles [none]
[debug] [2026-04-08T16:21:23.221Z] >>> [apiv2][body] POST https://firebasehosting.googleapis.com/v1beta1/projects/983458233014/sites/stock-congelateur-e7de1/versions/88b47db6b95ec267:populateFiles {"files":{"/version.json":"96ef158f5d681624804fb5b61c3adb014b4b88e3e00cf1b64eeaddb58c41e111","/styles.css":"2c20d2c0d3769a1ccf7a84017917fc51f9c6234bf66d20855e79152a59a0d71f","/index.html":"25d3eb647e725ef6a216fc22d9a8ebf0bbf7667b8d7157921be3887349a7d17b","/glace.png":"0d1b6d28d0113616fb342f605702c1178d853ea03c009e89d32911b4c56a488a","/app.js":"592e4b547ba2de8d4e99391fe1e59cf1a3421d100df45c8ec8573fa53e1b606d","/README.md":"64141b6899f0b1a85c76601fd8e2f6a3dbd8efceed6c8e9d028bcab5c2ecd3cb"}}
[debug] [2026-04-08T16:21:23.995Z] <<< [apiv2][status] POST https://firebasehosting.googleapis.com/v1beta1/projects/983458233014/sites/stock-congelateur-e7de1/versions/88b47db6b95ec267:populateFiles 200
[debug] [2026-04-08T16:21:23.995Z] <<< [apiv2][body] POST https://firebasehosting.googleapis.com/v1beta1/projects/983458233014/sites/stock-congelateur-e7de1/versions/88b47db6b95ec267:populateFiles {"uploadUrl":"https://upload-firebasehosting.googleapis.com/upload/sites/stock-congelateur-e7de1/versions/88b47db6b95ec267/files"}
[debug] [2026-04-08T16:21:23.995Z] [hosting][populate queue][FINAL] {"max":775,"min":775,"avg":775,"active":0,"complete":1,"success":1,"errored":0,"retried":0,"total":1,"elapsed":775}
[debug] [2026-04-08T16:21:23.995Z] [hosting] uploads queued: 0
[debug] [2026-04-08T16:21:23.995Z] [hosting][upload queue][FINAL] {"max":0,"min":9999999999,"avg":0,"active":0,"complete":0,"success":0,"errored":0,"retried":0,"total":0,"elapsed":1775665283995}
[info] i  hosting: upload complete 
[info] ✔  hosting[stock-congelateur-e7de1]: file upload complete 
[debug] [2026-04-08T16:21:23.996Z] [hosting] deploy completed after 782ms
[debug] [2026-04-08T16:21:23.996Z] [
  {
    "config": {
      "public": ".",
      "ignore": [
        "firebase.json",
        ".firebaserc",
        ".git",
        ".git/**",
        "**/.*",
        "**/.*/**",
        "**/node_modules/**"
      ],
      "site": "stock-congelateur-e7de1"
    },
    "version": "projects/983458233014/sites/stock-congelateur-e7de1/versions/88b47db6b95ec267"
  }
]
[info] i  hosting[stock-congelateur-e7de1]: finalizing version... 
[debug] [2026-04-08T16:21:23.996Z] Checked if tokens are valid: true, expires at: 1775668854000
[debug] [2026-04-08T16:21:23.997Z] Checked if tokens are valid: true, expires at: 1775668854000
[debug] [2026-04-08T16:21:23.997Z] >>> [apiv2][query] PATCH https://firebasehosting.googleapis.com/v1beta1/projects/-/sites/stock-congelateur-e7de1/versions/88b47db6b95ec267 updateMask=status%2Cconfig
[debug] [2026-04-08T16:21:23.997Z] >>> [apiv2][body] PATCH https://firebasehosting.googleapis.com/v1beta1/projects/-/sites/stock-congelateur-e7de1/versions/88b47db6b95ec267 {"status":"FINALIZED","config":{}}
[debug] [2026-04-08T16:21:25.308Z] <<< [apiv2][status] PATCH https://firebasehosting.googleapis.com/v1beta1/projects/-/sites/stock-congelateur-e7de1/versions/88b47db6b95ec267 200
[debug] [2026-04-08T16:21:25.309Z] <<< [apiv2][body] PATCH https://firebasehosting.googleapis.com/v1beta1/projects/-/sites/stock-congelateur-e7de1/versions/88b47db6b95ec267 {"name":"projects/983458233014/sites/stock-congelateur-e7de1/versions/88b47db6b95ec267","status":"FINALIZED","config":{},"labels":{"deployment-tool":"cli-firebase"},"createTime":"2026-04-08T16:21:22.168967Z","createUser":{"email":"guillaume220@gmail.com"},"finalizeTime":"2026-04-08T16:21:25.145824Z","finalizeUser":{"email":"guillaume220@gmail.com"}}
[debug] [2026-04-08T16:21:25.309Z] [hosting] finalized version for stock-congelateur-e7de1:[object Object]
[info] ✔  hosting[stock-congelateur-e7de1]: version finalized 
[info] i  hosting[stock-congelateur-e7de1]: releasing new version... 
[debug] [2026-04-08T16:21:25.309Z] Checked if tokens are valid: true, expires at: 1775668854000
[debug] [2026-04-08T16:21:25.309Z] Checked if tokens are valid: true, expires at: 1775668854000
[debug] [2026-04-08T16:21:25.309Z] >>> [apiv2][query] POST https://firebasehosting.googleapis.com/v1beta1/projects/-/sites/stock-congelateur-e7de1/channels/live/releases versionName=projects%2F983458233014%2Fsites%2Fstock-congelateur-e7de1%2Fversions%2F88b47db6b95ec267
[debug] [2026-04-08T16:21:25.309Z] >>> [apiv2][body] POST https://firebasehosting.googleapis.com/v1beta1/projects/-/sites/stock-congelateur-e7de1/channels/live/releases {}
[debug] [2026-04-08T16:21:26.675Z] <<< [apiv2][status] POST https://firebasehosting.googleapis.com/v1beta1/projects/-/sites/stock-congelateur-e7de1/channels/live/releases 200
[debug] [2026-04-08T16:24:46.209Z] ----------------------------------------------------------------------
[debug] [2026-04-08T16:24:46.214Z] Command:       /opt/homebrew/Cellar/node/23.1.0_1/bin/node /opt/homebrew/bin/firebase deploy --only hosting
[debug] [2026-04-08T16:24:46.214Z] CLI Version:   15.13.0
[debug] [2026-04-08T16:24:46.214Z] Platform:      darwin
[debug] [2026-04-08T16:24:46.214Z] Node Version:  v23.1.0
[debug] [2026-04-08T16:24:46.214Z] Time:          Wed Apr 08 2026 18:24:46 GMT+0200 (Central European Summer Time)
[debug] [2026-04-08T16:24:46.214Z] ----------------------------------------------------------------------
[debug] 
[debug] [2026-04-08T16:24:47.020Z] > command requires scopes: ["email","openid","https://www.googleapis.com/auth/cloudplatformprojects.readonly","https://www.googleapis.com/auth/firebase","https://www.googleapis.com/auth/cloud-platform"]
[debug] [2026-04-08T16:24:47.020Z] > authorizing via signed-in user (guillaume220@gmail.com)
[debug] [2026-04-08T16:24:47.020Z] [iam] checking project stock-congelateur-e7de1 for permissions ["firebase.projects.get","firebasehosting.sites.update"]
[debug] [2026-04-08T16:24:47.021Z] Checked if tokens are valid: true, expires at: 1775668854000
[debug] [2026-04-08T16:24:47.021Z] Checked if tokens are valid: true, expires at: 1775668854000
[debug] [2026-04-08T16:24:47.021Z] >>> [apiv2][query] POST https://cloudresourcemanager.googleapis.com/v1/projects/stock-congelateur-e7de1:testIamPermissions [none]
[debug] [2026-04-08T16:24:47.021Z] >>> [apiv2][(partial)header] POST https://cloudresourcemanager.googleapis.com/v1/projects/stock-congelateur-e7de1:testIamPermissions  x-goog-user-project=stock-congelateur-e7de1
[debug] [2026-04-08T16:24:47.021Z] >>> [apiv2][body] POST https://cloudresourcemanager.googleapis.com/v1/projects/stock-congelateur-e7de1:testIamPermissions {"permissions":["firebase.projects.get","firebasehosting.sites.update"]}
[debug] [2026-04-08T16:24:47.774Z] <<< [apiv2][status] POST https://cloudresourcemanager.googleapis.com/v1/projects/stock-congelateur-e7de1:testIamPermissions 200
[debug] [2026-04-08T16:24:47.775Z] <<< [apiv2][body] POST https://cloudresourcemanager.googleapis.com/v1/projects/stock-congelateur-e7de1:testIamPermissions {"permissions":["firebase.projects.get","firebasehosting.sites.update"]}
[debug] [2026-04-08T16:24:47.775Z] Checked if tokens are valid: true, expires at: 1775668854000
[debug] [2026-04-08T16:24:47.775Z] Checked if tokens are valid: true, expires at: 1775668854000
[debug] [2026-04-08T16:24:47.775Z] >>> [apiv2][query] GET https://firebase.googleapis.com/v1beta1/projects/stock-congelateur-e7de1 [none]
[debug] [2026-04-08T16:24:48.051Z] <<< [apiv2][status] GET https://firebase.googleapis.com/v1beta1/projects/stock-congelateur-e7de1 200
[debug] [2026-04-08T16:24:48.051Z] <<< [apiv2][body] GET https://firebase.googleapis.com/v1beta1/projects/stock-congelateur-e7de1 {"projectId":"stock-congelateur-e7de1","projectNumber":"983458233014","displayName":"stock-congelateur","name":"projects/stock-congelateur-e7de1","resources":{"hostingSite":"stock-congelateur-e7de1"},"state":"ACTIVE","etag":"1_3114c584-9d8c-4b7f-babd-887daf98958c"}
[info] 
[info] === Deploying to 'stock-congelateur-e7de1'...
[info] 
[info] i  deploying hosting 
[debug] [2026-04-08T16:24:48.053Z] Checked if tokens are valid: true, expires at: 1775668854000
[debug] [2026-04-08T16:24:48.053Z] Checked if tokens are valid: true, expires at: 1775668854000
[debug] [2026-04-08T16:24:48.053Z] >>> [apiv2][query] POST https://firebasehosting.googleapis.com/v1beta1/projects/-/sites/stock-congelateur-e7de1/versions [none]
[debug] [2026-04-08T16:24:48.053Z] >>> [apiv2][body] POST https://firebasehosting.googleapis.com/v1beta1/projects/-/sites/stock-congelateur-e7de1/versions {"status":"CREATED","labels":{"deployment-tool":"cli-firebase"}}
[debug] [2026-04-08T16:24:49.607Z] <<< [apiv2][status] POST https://firebasehosting.googleapis.com/v1beta1/projects/-/sites/stock-congelateur-e7de1/versions 200
[debug] [2026-04-08T16:24:49.607Z] <<< [apiv2][body] POST https://firebasehosting.googleapis.com/v1beta1/projects/-/sites/stock-congelateur-e7de1/versions {"name":"projects/983458233014/sites/stock-congelateur-e7de1/versions/1e169ecc74bb8ad8","status":"CREATED","config":{},"labels":{"deployment-tool":"cli-firebase"}}
[info] i  hosting[stock-congelateur-e7de1]: beginning deploy... 
[info] i  hosting[stock-congelateur-e7de1]: found 12 files in . 
[debug] [2026-04-08T16:24:49.615Z] [hosting] uploading with 200 concurrency
[debug] [2026-04-08T16:24:49.622Z] Checked if tokens are valid: true, expires at: 1775668854000
[debug] [2026-04-08T16:24:49.622Z] Checked if tokens are valid: true, expires at: 1775668854000
[debug] [2026-04-08T16:24:49.622Z] [hosting] hash cache [] stored for 12 files
[debug] [2026-04-08T16:24:49.622Z] [hosting][hash queue][FINAL] {"max":5,"min":1,"avg":2,"active":0,"complete":12,"success":12,"errored":0,"retried":0,"total":12,"elapsed":6}
[debug] [2026-04-08T16:24:49.623Z] >>> [apiv2][query] POST https://firebasehosting.googleapis.com/v1beta1/projects/983458233014/sites/stock-congelateur-e7de1/versions/1e169ecc74bb8ad8:populateFiles [none]
[debug] [2026-04-08T16:24:49.623Z] >>> [apiv2][body] POST https://firebasehosting.googleapis.com/v1beta1/projects/983458233014/sites/stock-congelateur-e7de1/versions/1e169ecc74bb8ad8:populateFiles {"files":{"/version.json":"96ef158f5d681624804fb5b61c3adb014b4b88e3e00cf1b64eeaddb58c41e111","/styles.css":"2c20d2c0d3769a1ccf7a84017917fc51f9c6234bf66d20855e79152a59a0d71f","/glace.png":"0d1b6d28d0113616fb342f605702c1178d853ea03c009e89d32911b4c56a488a","/app.js":"592e4b547ba2de8d4e99391fe1e59cf1a3421d100df45c8ec8573fa53e1b606d","/README.md":"64141b6899f0b1a85c76601fd8e2f6a3dbd8efceed6c8e9d028bcab5c2ecd3cb","/index.html":"f9f8d6ff4f1175082d4673e40556dd9bb2290a6a11852b8a0fe093a061479637","/manifest.json":"fb3e7ff12527481e1b09768d285b6fb7e3e3f9e301569ac02c6c8253be11e96c","/icons/source.png":"0d1b6d28d0113616fb342f605702c1178d853ea03c009e89d32911b4c56a488a","/icons/apple-touch-icon.png":"d5518bae83ab3ce7b35bc99e37096d2d9c5385f86455abb2afe60679ee99987f","/icons/icon-square.png":"a982afd1dd6bba86ab4efc1d1577cc85424fc0fd2c0c76cbba3c0ccc1f12519c","/icons/icon-192.png":"b34c52e64ba8a51a4e487005c6c2b5078eb501cfb613b2a9e04b3eb9fb8352f5","/icons/icon-512.png":"66d7badc0f2049d6ff5c99a2d62c1dd2c559e6fcf229d30de9662c1f1cdb20a8"}}
[debug] [2026-04-08T16:24:50.508Z] <<< [apiv2][status] POST https://firebasehosting.googleapis.com/v1beta1/projects/983458233014/sites/stock-congelateur-e7de1/versions/1e169ecc74bb8ad8:populateFiles 200
[debug] [2026-04-08T16:24:50.508Z] <<< [apiv2][body] POST https://firebasehosting.googleapis.com/v1beta1/projects/983458233014/sites/stock-congelateur-e7de1/versions/1e169ecc74bb8ad8:populateFiles {"uploadRequiredHashes":["fb3e7ff12527481e1b09768d285b6fb7e3e3f9e301569ac02c6c8253be11e96c","d5518bae83ab3ce7b35bc99e37096d2d9c5385f86455abb2afe60679ee99987f","a982afd1dd6bba86ab4efc1d1577cc85424fc0fd2c0c76cbba3c0ccc1f12519c","f9f8d6ff4f1175082d4673e40556dd9bb2290a6a11852b8a0fe093a061479637","b34c52e64ba8a51a4e487005c6c2b5078eb501cfb613b2a9e04b3eb9fb8352f5","66d7badc0f2049d6ff5c99a2d62c1dd2c559e6fcf229d30de9662c1f1cdb20a8"],"uploadUrl":"https://upload-firebasehosting.googleapis.com/upload/sites/stock-congelateur-e7de1/versions/1e169ecc74bb8ad8/files"}
[debug] [2026-04-08T16:24:50.509Z] Checked if tokens are valid: true, expires at: 1775668854000
[debug] [2026-04-08T16:24:50.509Z] Checked if tokens are valid: true, expires at: 1775668854000
[debug] [2026-04-08T16:24:50.509Z] Checked if tokens are valid: true, expires at: 1775668854000
[debug] [2026-04-08T16:24:50.509Z] Checked if tokens are valid: true, expires at: 1775668854000
[debug] [2026-04-08T16:24:50.509Z] Checked if tokens are valid: true, expires at: 1775668854000
[debug] [2026-04-08T16:24:50.509Z] Checked if tokens are valid: true, expires at: 1775668854000
[debug] [2026-04-08T16:24:50.509Z] Checked if tokens are valid: true, expires at: 1775668854000
[debug] [2026-04-08T16:24:50.509Z] Checked if tokens are valid: true, expires at: 1775668854000
[debug] [2026-04-08T16:24:50.510Z] Checked if tokens are valid: true, expires at: 1775668854000
[debug] [2026-04-08T16:24:50.510Z] Checked if tokens are valid: true, expires at: 1775668854000
[debug] [2026-04-08T16:24:50.510Z] Checked if tokens are valid: true, expires at: 1775668854000
[debug] [2026-04-08T16:24:50.510Z] Checked if tokens are valid: true, expires at: 1775668854000
[debug] [2026-04-08T16:24:50.510Z] >>> [apiv2][query] POST https://upload-firebasehosting.googleapis.com/upload/sites/stock-congelateur-e7de1/versions/1e169ecc74bb8ad8/files/fb3e7ff12527481e1b09768d285b6fb7e3e3f9e301569ac02c6c8253be11e96c [none]
[debug] [2026-04-08T16:24:50.510Z] >>> [apiv2][body] POST https://upload-firebasehosting.googleapis.com/upload/sites/stock-congelateur-e7de1/versions/1e169ecc74bb8ad8/files/fb3e7ff12527481e1b09768d285b6fb7e3e3f9e301569ac02c6c8253be11e96c [stream]
[debug] [2026-04-08T16:24:50.511Z] >>> [apiv2][query] POST https://upload-firebasehosting.googleapis.com/upload/sites/stock-congelateur-e7de1/versions/1e169ecc74bb8ad8/files/d5518bae83ab3ce7b35bc99e37096d2d9c5385f86455abb2afe60679ee99987f [none]
[debug] [2026-04-08T16:24:50.511Z] >>> [apiv2][body] POST https://upload-firebasehosting.googleapis.com/upload/sites/stock-congelateur-e7de1/versions/1e169ecc74bb8ad8/files/d5518bae83ab3ce7b35bc99e37096d2d9c5385f86455abb2afe60679ee99987f [stream]
[debug] [2026-04-08T16:24:50.511Z] >>> [apiv2][query] POST https://upload-firebasehosting.googleapis.com/upload/sites/stock-congelateur-e7de1/versions/1e169ecc74bb8ad8/files/a982afd1dd6bba86ab4efc1d1577cc85424fc0fd2c0c76cbba3c0ccc1f12519c [none]
[debug] [2026-04-08T16:24:50.511Z] >>> [apiv2][body] POST https://upload-firebasehosting.googleapis.com/upload/sites/stock-congelateur-e7de1/versions/1e169ecc74bb8ad8/files/a982afd1dd6bba86ab4efc1d1577cc85424fc0fd2c0c76cbba3c0ccc1f12519c [stream]
[debug] [2026-04-08T16:24:50.512Z] >>> [apiv2][query] POST https://upload-firebasehosting.googleapis.com/upload/sites/stock-congelateur-e7de1/versions/1e169ecc74bb8ad8/files/f9f8d6ff4f1175082d4673e40556dd9bb2290a6a11852b8a0fe093a061479637 [none]
[debug] [2026-04-08T16:24:50.512Z] >>> [apiv2][body] POST https://upload-firebasehosting.googleapis.com/upload/sites/stock-congelateur-e7de1/versions/1e169ecc74bb8ad8/files/f9f8d6ff4f1175082d4673e40556dd9bb2290a6a11852b8a0fe093a061479637 [stream]
[debug] [2026-04-08T16:24:50.513Z] >>> [apiv2][query] POST https://upload-firebasehosting.googleapis.com/upload/sites/stock-congelateur-e7de1/versions/1e169ecc74bb8ad8/files/b34c52e64ba8a51a4e487005c6c2b5078eb501cfb613b2a9e04b3eb9fb8352f5 [none]
[debug] [2026-04-08T16:24:50.513Z] >>> [apiv2][body] POST https://upload-firebasehosting.googleapis.com/upload/sites/stock-congelateur-e7de1/versions/1e169ecc74bb8ad8/files/b34c52e64ba8a51a4e487005c6c2b5078eb501cfb613b2a9e04b3eb9fb8352f5 [stream]
[debug] [2026-04-08T16:24:50.513Z] >>> [apiv2][query] POST https://upload-firebasehosting.googleapis.com/upload/sites/stock-congelateur-e7de1/versions/1e169ecc74bb8ad8/files/66d7badc0f2049d6ff5c99a2d62c1dd2c559e6fcf229d30de9662c1f1cdb20a8 [none]
[debug] [2026-04-08T16:24:50.513Z] >>> [apiv2][body] POST https://upload-firebasehosting.googleapis.com/upload/sites/stock-congelateur-e7de1/versions/1e169ecc74bb8ad8/files/66d7badc0f2049d6ff5c99a2d62c1dd2c559e6fcf229d30de9662c1f1cdb20a8 [stream]
[debug] [2026-04-08T16:24:50.514Z] [hosting][populate queue][FINAL] {"max":888,"min":888,"avg":888,"active":0,"complete":1,"success":1,"errored":0,"retried":0,"total":1,"elapsed":892}
[debug] [2026-04-08T16:24:50.514Z] [hosting] uploads queued: 6
[debug] [2026-04-08T16:24:51.403Z] <<< [apiv2][status] POST https://upload-firebasehosting.googleapis.com/upload/sites/stock-congelateur-e7de1/versions/1e169ecc74bb8ad8/files/f9f8d6ff4f1175082d4673e40556dd9bb2290a6a11852b8a0fe093a061479637 200
[debug] [2026-04-08T16:24:51.403Z] <<< [apiv2][body] POST https://upload-firebasehosting.googleapis.com/upload/sites/stock-congelateur-e7de1/versions/1e169ecc74bb8ad8/files/f9f8d6ff4f1175082d4673e40556dd9bb2290a6a11852b8a0fe093a061479637 [stream]
[debug] [2026-04-08T16:24:51.434Z] <<< [apiv2][status] POST https://upload-firebasehosting.googleapis.com/upload/sites/stock-congelateur-e7de1/versions/1e169ecc74bb8ad8/files/d5518bae83ab3ce7b35bc99e37096d2d9c5385f86455abb2afe60679ee99987f 200
[debug] [2026-04-08T16:24:51.434Z] <<< [apiv2][body] POST https://upload-firebasehosting.googleapis.com/upload/sites/stock-congelateur-e7de1/versions/1e169ecc74bb8ad8/files/d5518bae83ab3ce7b35bc99e37096d2d9c5385f86455abb2afe60679ee99987f [stream]
[debug] [2026-04-08T16:24:51.436Z] <<< [apiv2][status] POST https://upload-firebasehosting.googleapis.com/upload/sites/stock-congelateur-e7de1/versions/1e169ecc74bb8ad8/files/a982afd1dd6bba86ab4efc1d1577cc85424fc0fd2c0c76cbba3c0ccc1f12519c 200
[debug] [2026-04-08T16:24:51.436Z] <<< [apiv2][body] POST https://upload-firebasehosting.googleapis.com/upload/sites/stock-congelateur-e7de1/versions/1e169ecc74bb8ad8/files/a982afd1dd6bba86ab4efc1d1577cc85424fc0fd2c0c76cbba3c0ccc1f12519c [stream]
[debug] [2026-04-08T16:24:51.543Z] <<< [apiv2][status] POST https://upload-firebasehosting.googleapis.com/upload/sites/stock-congelateur-e7de1/versions/1e169ecc74bb8ad8/files/fb3e7ff12527481e1b09768d285b6fb7e3e3f9e301569ac02c6c8253be11e96c 200
[debug] [2026-04-08T16:24:51.543Z] <<< [apiv2][body] POST https://upload-firebasehosting.googleapis.com/upload/sites/stock-congelateur-e7de1/versions/1e169ecc74bb8ad8/files/fb3e7ff12527481e1b09768d285b6fb7e3e3f9e301569ac02c6c8253be11e96c [stream]
[info] i  hosting: uploading new files [4/6] (66%) 
[debug] [2026-04-08T16:24:51.627Z] <<< [apiv2][status] POST https://upload-firebasehosting.googleapis.com/upload/sites/stock-congelateur-e7de1/versions/1e169ecc74bb8ad8/files/66d7badc0f2049d6ff5c99a2d62c1dd2c559e6fcf229d30de9662c1f1cdb20a8 200
[debug] [2026-04-08T16:24:51.627Z] <<< [apiv2][body] POST https://upload-firebasehosting.googleapis.com/upload/sites/stock-congelateur-e7de1/versions/1e169ecc74bb8ad8/files/66d7badc0f2049d6ff5c99a2d62c1dd2c559e6fcf229d30de9662c1f1cdb20a8 [stream]
[debug] [2026-04-08T16:24:51.673Z] <<< [apiv2][status] POST https://upload-firebasehosting.googleapis.com/upload/sites/stock-congelateur-e7de1/versions/1e169ecc74bb8ad8/files/b34c52e64ba8a51a4e487005c6c2b5078eb501cfb613b2a9e04b3eb9fb8352f5 200
[debug] [2026-04-08T16:24:51.674Z] <<< [apiv2][body] POST https://upload-firebasehosting.googleapis.com/upload/sites/stock-congelateur-e7de1/versions/1e169ecc74bb8ad8/files/b34c52e64ba8a51a4e487005c6c2b5078eb501cfb613b2a9e04b3eb9fb8352f5 [stream]
[debug] [2026-04-08T16:24:51.674Z] [hosting][upload queue][FINAL] {"max":1165,"min":894,"avg":1010.5,"active":0,"complete":6,"success":6,"errored":0,"retried":0,"total":6,"elapsed":1166}
[info] i  hosting: upload complete 
[info] ✔  hosting[stock-congelateur-e7de1]: file upload complete 
[debug] [2026-04-08T16:24:51.674Z] [hosting] deploy completed after 2066ms
[debug] [2026-04-08T16:24:51.674Z] [
  {
    "config": {
      "public": ".",
      "ignore": [
        "firebase.json",
        ".firebaserc",
        ".git",
        ".git/**",
        "**/.*",
        "**/.*/**",
        "**/node_modules/**"
      ],
      "site": "stock-congelateur-e7de1"
    },
    "version": "projects/983458233014/sites/stock-congelateur-e7de1/versions/1e169ecc74bb8ad8"
  }
]
[info] i  hosting[stock-congelateur-e7de1]: finalizing version... 
[debug] [2026-04-08T16:24:51.675Z] Checked if tokens are valid: true, expires at: 1775668854000
[debug] [2026-04-08T16:24:51.675Z] Checked if tokens are valid: true, expires at: 1775668854000
[debug] [2026-04-08T16:24:51.675Z] >>> [apiv2][query] PATCH https://firebasehosting.googleapis.com/v1beta1/projects/-/sites/stock-congelateur-e7de1/versions/1e169ecc74bb8ad8 updateMask=status%2Cconfig
[debug] [2026-04-08T16:24:51.675Z] >>> [apiv2][body] PATCH https://firebasehosting.googleapis.com/v1beta1/projects/-/sites/stock-congelateur-e7de1/versions/1e169ecc74bb8ad8 {"status":"FINALIZED","config":{}}
[debug] [2026-04-08T16:24:52.983Z] <<< [apiv2][status] PATCH https://firebasehosting.googleapis.com/v1beta1/projects/-/sites/stock-congelateur-e7de1/versions/1e169ecc74bb8ad8 200
[debug] [2026-04-08T16:24:52.983Z] <<< [apiv2][body] PATCH https://firebasehosting.googleapis.com/v1beta1/projects/-/sites/stock-congelateur-e7de1/versions/1e169ecc74bb8ad8 {"name":"projects/983458233014/sites/stock-congelateur-e7de1/versions/1e169ecc74bb8ad8","status":"FINALIZED","config":{},"labels":{"deployment-tool":"cli-firebase"},"createTime":"2026-04-08T16:24:48.632571Z","createUser":{"email":"guillaume220@gmail.com"},"finalizeTime":"2026-04-08T16:24:52.810209Z","finalizeUser":{"email":"guillaume220@gmail.com"}}
[debug] [2026-04-08T16:24:52.983Z] [hosting] finalized version for stock-congelateur-e7de1:[object Object]
[info] ✔  hosting[stock-congelateur-e7de1]: version finalized 
[info] i  hosting[stock-congelateur-e7de1]: releasing new version... 
[debug] [2026-04-08T16:24:52.983Z] Checked if tokens are valid: true, expires at: 1775668854000
[debug] [2026-04-08T16:24:52.984Z] Checked if tokens are valid: true, expires at: 1775668854000
[debug] [2026-04-08T16:24:52.984Z] >>> [apiv2][query] POST https://firebasehosting.googleapis.com/v1beta1/projects/-/sites/stock-congelateur-e7de1/channels/live/releases versionName=projects%2F983458233014%2Fsites%2Fstock-congelateur-e7de1%2Fversions%2F1e169ecc74bb8ad8
[debug] [2026-04-08T16:24:52.984Z] >>> [apiv2][body] POST https://firebasehosting.googleapis.com/v1beta1/projects/-/sites/stock-congelateur-e7de1/channels/live/releases {}
[debug] [2026-04-08T16:24:54.411Z] <<< [apiv2][status] POST https://firebasehosting.googleapis.com/v1beta1/projects/-/sites/stock-congelateur-e7de1/channels/live/releases 200
